{"/home/ubuntu/workspace/hybridradio-spi/src/test/Bearer_test.js":{"path":"/home/ubuntu/workspace/hybridradio-spi/src/test/Bearer_test.js","statementMap":{"0":{"start":{"line":3,"column":12},"end":{"line":3,"column":27}},"1":{"start":{"line":5,"column":13},"end":{"line":5,"column":42}},"2":{"start":{"line":7,"column":12},"end":{"line":7,"column":27}},"3":{"start":{"line":9,"column":13},"end":{"line":9,"column":42}},"4":{"start":{"line":11,"column":14},"end":{"line":11,"column":38}},"5":{"start":{"line":13,"column":15},"end":{"line":13,"column":46}},"6":{"start":{"line":15,"column":39},"end":{"line":15,"column":93}},"7":{"start":{"line":17,"column":13},"end":{"line":17,"column":34}},"8":{"start":{"line":18,"column":0},"end":{"line":18,"column":24}},"9":{"start":{"line":20,"column":0},"end":{"line":35,"column":3}},"10":{"start":{"line":22,"column":4},"end":{"line":27,"column":7}},"11":{"start":{"line":23,"column":8},"end":{"line":23,"column":38}},"12":{"start":{"line":25,"column":21},"end":{"line":25,"column":48}},"13":{"start":{"line":26,"column":8},"end":{"line":26,"column":51}},"14":{"start":{"line":28,"column":4},"end":{"line":34,"column":7}},"15":{"start":{"line":29,"column":21},"end":{"line":29,"column":57}},"16":{"start":{"line":30,"column":8},"end":{"line":30,"column":54}},"17":{"start":{"line":32,"column":21},"end":{"line":32,"column":60}},"18":{"start":{"line":33,"column":8},"end":{"line":33,"column":38}}},"fnMap":{"0":{"name":"_interopRequireDefault","decl":{"start":{"line":15,"column":9},"end":{"line":15,"column":31}},"loc":{"start":{"line":15,"column":37},"end":{"line":15,"column":95}},"line":15},"1":{"name":"(anonymous_1)","decl":{"start":{"line":20,"column":27},"end":{"line":20,"column":28}},"loc":{"start":{"line":20,"column":39},"end":{"line":35,"column":1}},"line":20},"2":{"name":"(anonymous_2)","decl":{"start":{"line":22,"column":17},"end":{"line":22,"column":18}},"loc":{"start":{"line":22,"column":29},"end":{"line":24,"column":5}},"line":22},"3":{"name":"(anonymous_3)","decl":{"start":{"line":24,"column":72},"end":{"line":24,"column":73}},"loc":{"start":{"line":24,"column":84},"end":{"line":27,"column":5}},"line":24},"4":{"name":"(anonymous_4)","decl":{"start":{"line":28,"column":71},"end":{"line":28,"column":72}},"loc":{"start":{"line":28,"column":83},"end":{"line":31,"column":5}},"line":28},"5":{"name":"(anonymous_5)","decl":{"start":{"line":31,"column":66},"end":{"line":31,"column":67}},"loc":{"start":{"line":31,"column":78},"end":{"line":34,"column":5}},"line":31}},"branchMap":{"0":{"loc":{"start":{"line":15,"column":46},"end":{"line":15,"column":92}},"type":"cond-expr","locations":[{"start":{"line":15,"column":70},"end":{"line":15,"column":73}},{"start":{"line":15,"column":76},"end":{"line":15,"column":92}}],"line":15},"1":{"loc":{"start":{"line":15,"column":46},"end":{"line":15,"column":67}},"type":"binary-expr","locations":[{"start":{"line":15,"column":46},"end":{"line":15,"column":49}},{"start":{"line":15,"column":53},"end":{"line":15,"column":67}}],"line":15}},"s":{"0":1,"1":1,"2":1,"3":1,"4":1,"5":1,"6":3,"7":1,"8":1,"9":1,"10":1,"11":1,"12":1,"13":1,"14":1,"15":1,"16":1,"17":1,"18":1},"f":{"0":3,"1":1,"2":1,"3":1,"4":1,"5":1},"b":{"0":[1,2],"1":[3,3]},"_coverageSchema":"332fd63041d2c1bcb487cc26dd0d5f7d97098a6c","hash":"ae2e7085a3029e5142ce76eaf161f35845436019","contentHash":"2c2aca3135dd318e68e47be46b80b99d_11.2.1"},"/home/ubuntu/workspace/hybridradio-spi/src/lib/Bearer.js":{"path":"/home/ubuntu/workspace/hybridradio-spi/src/lib/Bearer.js","statementMap":{"0":{"start":{"line":3,"column":0},"end":{"line":5,"column":3}},"1":{"start":{"line":7,"column":50},"end":{"line":7,"column":151}},"2":{"start":{"line":7,"column":92},"end":{"line":7,"column":149}},"3":{"start":{"line":9,"column":13},"end":{"line":44,"column":1}},"4":{"start":{"line":10,"column":15},"end":{"line":10,"column":92}},"5":{"start":{"line":11,"column":20},"end":{"line":11,"column":97}},"6":{"start":{"line":12,"column":18},"end":{"line":12,"column":95}},"7":{"start":{"line":13,"column":17},"end":{"line":13,"column":94}},"8":{"start":{"line":15,"column":4},"end":{"line":15,"column":34}},"9":{"start":{"line":17,"column":4},"end":{"line":17,"column":17}},"10":{"start":{"line":18,"column":4},"end":{"line":24,"column":5}},"11":{"start":{"line":19,"column":8},"end":{"line":19,"column":25}},"12":{"start":{"line":21,"column":8},"end":{"line":21,"column":80}},"13":{"start":{"line":22,"column":8},"end":{"line":22,"column":70}},"14":{"start":{"line":23,"column":8},"end":{"line":23,"column":30}},"15":{"start":{"line":25,"column":4},"end":{"line":25,"column":31}},"16":{"start":{"line":26,"column":4},"end":{"line":33,"column":5}},"17":{"start":{"line":27,"column":8},"end":{"line":32,"column":9}},"18":{"start":{"line":28,"column":12},"end":{"line":28,"column":35}},"19":{"start":{"line":30,"column":12},"end":{"line":30,"column":80}},"20":{"start":{"line":31,"column":12},"end":{"line":31,"column":37}},"21":{"start":{"line":34,"column":4},"end":{"line":43,"column":5}},"22":{"start":{"line":35,"column":8},"end":{"line":40,"column":9}},"23":{"start":{"line":36,"column":12},"end":{"line":36,"column":33}},"24":{"start":{"line":38,"column":12},"end":{"line":38,"column":78}},"25":{"start":{"line":39,"column":12},"end":{"line":39,"column":28}},"26":{"start":{"line":42,"column":8},"end":{"line":42,"column":24}},"27":{"start":{"line":46,"column":0},"end":{"line":46,"column":25}}},"fnMap":{"0":{"name":"_classCallCheck","decl":{"start":{"line":7,"column":9},"end":{"line":7,"column":24}},"loc":{"start":{"line":7,"column":48},"end":{"line":7,"column":153}},"line":7},"1":{"name":"Bearer","decl":{"start":{"line":9,"column":22},"end":{"line":9,"column":28}},"loc":{"start":{"line":9,"column":33},"end":{"line":44,"column":1}},"line":9}},"branchMap":{"0":{"loc":{"start":{"line":7,"column":50},"end":{"line":7,"column":151}},"type":"if","locations":[{"start":{"line":7,"column":50},"end":{"line":7,"column":151}},{"start":{"line":7,"column":50},"end":{"line":7,"column":151}}],"line":7},"1":{"loc":{"start":{"line":10,"column":15},"end":{"line":10,"column":92}},"type":"cond-expr","locations":[{"start":{"line":10,"column":68},"end":{"line":10,"column":80}},{"start":{"line":10,"column":83},"end":{"line":10,"column":92}}],"line":10},"2":{"loc":{"start":{"line":10,"column":15},"end":{"line":10,"column":65}},"type":"binary-expr","locations":[{"start":{"line":10,"column":15},"end":{"line":10,"column":35}},{"start":{"line":10,"column":39},"end":{"line":10,"column":65}}],"line":10},"3":{"loc":{"start":{"line":11,"column":20},"end":{"line":11,"column":97}},"type":"cond-expr","locations":[{"start":{"line":11,"column":73},"end":{"line":11,"column":85}},{"start":{"line":11,"column":88},"end":{"line":11,"column":97}}],"line":11},"4":{"loc":{"start":{"line":11,"column":20},"end":{"line":11,"column":70}},"type":"binary-expr","locations":[{"start":{"line":11,"column":20},"end":{"line":11,"column":40}},{"start":{"line":11,"column":44},"end":{"line":11,"column":70}}],"line":11},"5":{"loc":{"start":{"line":12,"column":18},"end":{"line":12,"column":95}},"type":"cond-expr","locations":[{"start":{"line":12,"column":71},"end":{"line":12,"column":83}},{"start":{"line":12,"column":86},"end":{"line":12,"column":95}}],"line":12},"6":{"loc":{"start":{"line":12,"column":18},"end":{"line":12,"column":68}},"type":"binary-expr","locations":[{"start":{"line":12,"column":18},"end":{"line":12,"column":38}},{"start":{"line":12,"column":42},"end":{"line":12,"column":68}}],"line":12},"7":{"loc":{"start":{"line":13,"column":17},"end":{"line":13,"column":94}},"type":"cond-expr","locations":[{"start":{"line":13,"column":70},"end":{"line":13,"column":82}},{"start":{"line":13,"column":85},"end":{"line":13,"column":94}}],"line":13},"8":{"loc":{"start":{"line":13,"column":17},"end":{"line":13,"column":67}},"type":"binary-expr","locations":[{"start":{"line":13,"column":17},"end":{"line":13,"column":37}},{"start":{"line":13,"column":41},"end":{"line":13,"column":67}}],"line":13},"9":{"loc":{"start":{"line":18,"column":4},"end":{"line":24,"column":5}},"type":"if","locations":[{"start":{"line":18,"column":4},"end":{"line":24,"column":5}},{"start":{"line":18,"column":4},"end":{"line":24,"column":5}}],"line":18},"10":{"loc":{"start":{"line":18,"column":8},"end":{"line":18,"column":43}},"type":"binary-expr","locations":[{"start":{"line":18,"column":8},"end":{"line":18,"column":30}},{"start":{"line":18,"column":34},"end":{"line":18,"column":43}}],"line":18},"11":{"loc":{"start":{"line":26,"column":4},"end":{"line":33,"column":5}},"type":"if","locations":[{"start":{"line":26,"column":4},"end":{"line":33,"column":5}},{"start":{"line":26,"column":4},"end":{"line":33,"column":5}}],"line":26},"12":{"loc":{"start":{"line":27,"column":8},"end":{"line":32,"column":9}},"type":"if","locations":[{"start":{"line":27,"column":8},"end":{"line":32,"column":9}},{"start":{"line":27,"column":8},"end":{"line":32,"column":9}}],"line":27},"13":{"loc":{"start":{"line":27,"column":12},"end":{"line":27,"column":53}},"type":"binary-expr","locations":[{"start":{"line":27,"column":12},"end":{"line":27,"column":37}},{"start":{"line":27,"column":41},"end":{"line":27,"column":53}}],"line":27},"14":{"loc":{"start":{"line":34,"column":4},"end":{"line":43,"column":5}},"type":"if","locations":[{"start":{"line":34,"column":4},"end":{"line":43,"column":5}},{"start":{"line":34,"column":4},"end":{"line":43,"column":5}}],"line":34},"15":{"loc":{"start":{"line":35,"column":8},"end":{"line":40,"column":9}},"type":"if","locations":[{"start":{"line":35,"column":8},"end":{"line":40,"column":9}},{"start":{"line":35,"column":8},"end":{"line":40,"column":9}}],"line":35},"16":{"loc":{"start":{"line":35,"column":12},"end":{"line":35,"column":51}},"type":"binary-expr","locations":[{"start":{"line":35,"column":12},"end":{"line":35,"column":36}},{"start":{"line":35,"column":40},"end":{"line":35,"column":51}}],"line":35}},"s":{"0":1,"1":7,"2":0,"3":1,"4":7,"5":7,"6":7,"7":7,"8":7,"9":7,"10":7,"11":6,"12":1,"13":1,"14":1,"15":7,"16":7,"17":4,"18":3,"19":1,"20":1,"21":7,"22":4,"23":3,"24":1,"25":1,"26":3,"27":1},"f":{"0":7,"1":7},"b":{"0":[0,7],"1":[7,0],"2":[7,7],"3":[5,2],"4":[7,6],"5":[4,3],"6":[7,6],"7":[4,3],"8":[7,5],"9":[6,1],"10":[7,7],"11":[4,3],"12":[3,1],"13":[4,4],"14":[4,3],"15":[3,1],"16":[4,4]},"_coverageSchema":"332fd63041d2c1bcb487cc26dd0d5f7d97098a6c","hash":"2c3c2dec92422d756936d2bac713a2cdd7cd1df0","contentHash":"6f9cb5a2afb7908a61a0c0a80f6ea4a5_11.2.1"},"/home/ubuntu/workspace/hybridradio-spi/src/test/Genre_test.js":{"path":"/home/ubuntu/workspace/hybridradio-spi/src/test/Genre_test.js","statementMap":{"0":{"start":{"line":3,"column":12},"end":{"line":3,"column":27}},"1":{"start":{"line":5,"column":13},"end":{"line":5,"column":42}},"2":{"start":{"line":7,"column":12},"end":{"line":7,"column":27}},"3":{"start":{"line":9,"column":13},"end":{"line":9,"column":42}},"4":{"start":{"line":11,"column":13},"end":{"line":11,"column":36}},"5":{"start":{"line":13,"column":14},"end":{"line":13,"column":44}},"6":{"start":{"line":15,"column":39},"end":{"line":15,"column":93}},"7":{"start":{"line":17,"column":13},"end":{"line":17,"column":34}},"8":{"start":{"line":18,"column":0},"end":{"line":18,"column":24}},"9":{"start":{"line":20,"column":0},"end":{"line":34,"column":3}},"10":{"start":{"line":22,"column":4},"end":{"line":33,"column":7}},"11":{"start":{"line":23,"column":8},"end":{"line":23,"column":37}},"12":{"start":{"line":25,"column":20},"end":{"line":25,"column":83}},"13":{"start":{"line":26,"column":8},"end":{"line":26,"column":57}},"14":{"start":{"line":28,"column":20},"end":{"line":28,"column":96}},"15":{"start":{"line":29,"column":8},"end":{"line":29,"column":62}},"16":{"start":{"line":31,"column":20},"end":{"line":31,"column":92}},"17":{"start":{"line":32,"column":8},"end":{"line":32,"column":58}}},"fnMap":{"0":{"name":"_interopRequireDefault","decl":{"start":{"line":15,"column":9},"end":{"line":15,"column":31}},"loc":{"start":{"line":15,"column":37},"end":{"line":15,"column":95}},"line":15},"1":{"name":"(anonymous_1)","decl":{"start":{"line":20,"column":26},"end":{"line":20,"column":27}},"loc":{"start":{"line":20,"column":38},"end":{"line":34,"column":1}},"line":20},"2":{"name":"(anonymous_2)","decl":{"start":{"line":22,"column":17},"end":{"line":22,"column":18}},"loc":{"start":{"line":22,"column":29},"end":{"line":24,"column":5}},"line":22},"3":{"name":"(anonymous_3)","decl":{"start":{"line":24,"column":53},"end":{"line":24,"column":54}},"loc":{"start":{"line":24,"column":65},"end":{"line":27,"column":5}},"line":24},"4":{"name":"(anonymous_4)","decl":{"start":{"line":27,"column":66},"end":{"line":27,"column":67}},"loc":{"start":{"line":27,"column":78},"end":{"line":30,"column":5}},"line":27},"5":{"name":"(anonymous_5)","decl":{"start":{"line":30,"column":63},"end":{"line":30,"column":64}},"loc":{"start":{"line":30,"column":75},"end":{"line":33,"column":5}},"line":30}},"branchMap":{"0":{"loc":{"start":{"line":15,"column":46},"end":{"line":15,"column":92}},"type":"cond-expr","locations":[{"start":{"line":15,"column":70},"end":{"line":15,"column":73}},{"start":{"line":15,"column":76},"end":{"line":15,"column":92}}],"line":15},"1":{"loc":{"start":{"line":15,"column":46},"end":{"line":15,"column":67}},"type":"binary-expr","locations":[{"start":{"line":15,"column":46},"end":{"line":15,"column":49}},{"start":{"line":15,"column":53},"end":{"line":15,"column":67}}],"line":15}},"s":{"0":1,"1":1,"2":1,"3":1,"4":1,"5":1,"6":3,"7":1,"8":1,"9":1,"10":1,"11":1,"12":1,"13":1,"14":1,"15":1,"16":1,"17":1},"f":{"0":3,"1":1,"2":1,"3":1,"4":1,"5":1},"b":{"0":[1,2],"1":[3,3]},"_coverageSchema":"332fd63041d2c1bcb487cc26dd0d5f7d97098a6c","hash":"e6cbb0553eefc49e065bc19f52c4916617d0f805","contentHash":"42e28461b58bd33f8e03dbe52ce6341d_11.2.1"},"/home/ubuntu/workspace/hybridradio-spi/src/lib/Genre.js":{"path":"/home/ubuntu/workspace/hybridradio-spi/src/lib/Genre.js","statementMap":{"0":{"start":{"line":3,"column":0},"end":{"line":5,"column":3}},"1":{"start":{"line":7,"column":50},"end":{"line":7,"column":151}},"2":{"start":{"line":7,"column":92},"end":{"line":7,"column":149}},"3":{"start":{"line":9,"column":17},"end":{"line":13,"column":1}},"4":{"start":{"line":15,"column":12},"end":{"line":30,"column":1}},"5":{"start":{"line":16,"column":21},"end":{"line":16,"column":93}},"6":{"start":{"line":17,"column":15},"end":{"line":17,"column":87}},"7":{"start":{"line":19,"column":4},"end":{"line":19,"column":33}},"8":{"start":{"line":21,"column":4},"end":{"line":21,"column":21}},"9":{"start":{"line":22,"column":4},"end":{"line":28,"column":5}},"10":{"start":{"line":23,"column":8},"end":{"line":23,"column":42}},"11":{"start":{"line":24,"column":11},"end":{"line":28,"column":5}},"12":{"start":{"line":25,"column":8},"end":{"line":25,"column":38}},"13":{"start":{"line":27,"column":8},"end":{"line":27,"column":37}},"14":{"start":{"line":29,"column":4},"end":{"line":29,"column":21}},"15":{"start":{"line":32,"column":0},"end":{"line":32,"column":24}}},"fnMap":{"0":{"name":"_classCallCheck","decl":{"start":{"line":7,"column":9},"end":{"line":7,"column":24}},"loc":{"start":{"line":7,"column":48},"end":{"line":7,"column":153}},"line":7},"1":{"name":"Genre","decl":{"start":{"line":15,"column":21},"end":{"line":15,"column":26}},"loc":{"start":{"line":15,"column":33},"end":{"line":30,"column":1}},"line":15}},"branchMap":{"0":{"loc":{"start":{"line":7,"column":50},"end":{"line":7,"column":151}},"type":"if","locations":[{"start":{"line":7,"column":50},"end":{"line":7,"column":151}},{"start":{"line":7,"column":50},"end":{"line":7,"column":151}}],"line":7},"1":{"loc":{"start":{"line":16,"column":21},"end":{"line":16,"column":93}},"type":"cond-expr","locations":[{"start":{"line":16,"column":74},"end":{"line":16,"column":86}},{"start":{"line":16,"column":89},"end":{"line":16,"column":93}}],"line":16},"2":{"loc":{"start":{"line":16,"column":21},"end":{"line":16,"column":71}},"type":"binary-expr","locations":[{"start":{"line":16,"column":21},"end":{"line":16,"column":41}},{"start":{"line":16,"column":45},"end":{"line":16,"column":71}}],"line":16},"3":{"loc":{"start":{"line":17,"column":15},"end":{"line":17,"column":87}},"type":"cond-expr","locations":[{"start":{"line":17,"column":68},"end":{"line":17,"column":80}},{"start":{"line":17,"column":83},"end":{"line":17,"column":87}}],"line":17},"4":{"loc":{"start":{"line":17,"column":15},"end":{"line":17,"column":65}},"type":"binary-expr","locations":[{"start":{"line":17,"column":15},"end":{"line":17,"column":35}},{"start":{"line":17,"column":39},"end":{"line":17,"column":65}}],"line":17},"5":{"loc":{"start":{"line":22,"column":4},"end":{"line":28,"column":5}},"type":"if","locations":[{"start":{"line":22,"column":4},"end":{"line":28,"column":5}},{"start":{"line":22,"column":4},"end":{"line":28,"column":5}}],"line":22},"6":{"loc":{"start":{"line":24,"column":11},"end":{"line":28,"column":5}},"type":"if","locations":[{"start":{"line":24,"column":11},"end":{"line":28,"column":5}},{"start":{"line":24,"column":11},"end":{"line":28,"column":5}}],"line":24}},"s":{"0":1,"1":6,"2":0,"3":1,"4":1,"5":6,"6":6,"7":6,"8":6,"9":6,"10":2,"11":4,"12":2,"13":2,"14":6,"15":1},"f":{"0":6,"1":6},"b":{"0":[0,6],"1":[5,1],"2":[6,5],"3":[3,3],"4":[6,3],"5":[2,4],"6":[2,2]},"_coverageSchema":"332fd63041d2c1bcb487cc26dd0d5f7d97098a6c","hash":"ad3230ff26d57674b64bcf9dd75e05da7c5228b9","contentHash":"41301856579ba4f30f3ced2052d7c2ba_11.2.1"},"/home/ubuntu/workspace/hybridradio-spi/src/test/Geolocation_test.js":{"path":"/home/ubuntu/workspace/hybridradio-spi/src/test/Geolocation_test.js","statementMap":{"0":{"start":{"line":3,"column":12},"end":{"line":3,"column":27}},"1":{"start":{"line":5,"column":13},"end":{"line":5,"column":42}},"2":{"start":{"line":7,"column":12},"end":{"line":7,"column":27}},"3":{"start":{"line":9,"column":13},"end":{"line":9,"column":42}},"4":{"start":{"line":11,"column":19},"end":{"line":11,"column":48}},"5":{"start":{"line":13,"column":20},"end":{"line":13,"column":56}},"6":{"start":{"line":15,"column":39},"end":{"line":15,"column":93}},"7":{"start":{"line":17,"column":13},"end":{"line":17,"column":34}},"8":{"start":{"line":18,"column":0},"end":{"line":18,"column":24}},"9":{"start":{"line":20,"column":0},"end":{"line":25,"column":3}},"10":{"start":{"line":22,"column":4},"end":{"line":24,"column":7}},"11":{"start":{"line":23,"column":8},"end":{"line":23,"column":43}}},"fnMap":{"0":{"name":"_interopRequireDefault","decl":{"start":{"line":15,"column":9},"end":{"line":15,"column":31}},"loc":{"start":{"line":15,"column":37},"end":{"line":15,"column":95}},"line":15},"1":{"name":"(anonymous_1)","decl":{"start":{"line":20,"column":30},"end":{"line":20,"column":31}},"loc":{"start":{"line":20,"column":42},"end":{"line":25,"column":1}},"line":20},"2":{"name":"(anonymous_2)","decl":{"start":{"line":22,"column":17},"end":{"line":22,"column":18}},"loc":{"start":{"line":22,"column":29},"end":{"line":24,"column":5}},"line":22}},"branchMap":{"0":{"loc":{"start":{"line":15,"column":46},"end":{"line":15,"column":92}},"type":"cond-expr","locations":[{"start":{"line":15,"column":70},"end":{"line":15,"column":73}},{"start":{"line":15,"column":76},"end":{"line":15,"column":92}}],"line":15},"1":{"loc":{"start":{"line":15,"column":46},"end":{"line":15,"column":67}},"type":"binary-expr","locations":[{"start":{"line":15,"column":46},"end":{"line":15,"column":49}},{"start":{"line":15,"column":53},"end":{"line":15,"column":67}}],"line":15}},"s":{"0":1,"1":1,"2":1,"3":1,"4":1,"5":1,"6":3,"7":1,"8":1,"9":1,"10":1,"11":1},"f":{"0":3,"1":1,"2":1},"b":{"0":[0,3],"1":[3,3]},"_coverageSchema":"332fd63041d2c1bcb487cc26dd0d5f7d97098a6c","hash":"d6a6a64c40467a52c2482df892ee0a9f5be7ab3b","contentHash":"284b8f5ebfc5e4867cec89b0cfc916ee_11.2.1"},"/home/ubuntu/workspace/hybridradio-spi/src/lib/Geolocation.js":{"path":"/home/ubuntu/workspace/hybridradio-spi/src/lib/Geolocation.js","statementMap":{"0":{"start":{"line":3,"column":50},"end":{"line":3,"column":151}},"1":{"start":{"line":3,"column":92},"end":{"line":3,"column":149}},"2":{"start":{"line":5,"column":18},"end":{"line":7,"column":1}},"3":{"start":{"line":6,"column":4},"end":{"line":6,"column":39}}},"fnMap":{"0":{"name":"_classCallCheck","decl":{"start":{"line":3,"column":9},"end":{"line":3,"column":24}},"loc":{"start":{"line":3,"column":48},"end":{"line":3,"column":153}},"line":3},"1":{"name":"Geolocation","decl":{"start":{"line":5,"column":27},"end":{"line":5,"column":38}},"loc":{"start":{"line":5,"column":41},"end":{"line":7,"column":1}},"line":5}},"branchMap":{"0":{"loc":{"start":{"line":3,"column":50},"end":{"line":3,"column":151}},"type":"if","locations":[{"start":{"line":3,"column":50},"end":{"line":3,"column":151}},{"start":{"line":3,"column":50},"end":{"line":3,"column":151}}],"line":3}},"s":{"0":0,"1":0,"2":1,"3":0},"f":{"0":0,"1":0},"b":{"0":[0,0]},"_coverageSchema":"332fd63041d2c1bcb487cc26dd0d5f7d97098a6c","hash":"3a47bbb9992b1c9fddbdc05fc5c330dcfd49b1d5","contentHash":"a6017f6cf88b3295128a94e6f8b41e6a_11.2.1"},"/home/ubuntu/workspace/hybridradio-spi/src/test/Group_test.js":{"path":"/home/ubuntu/workspace/hybridradio-spi/src/test/Group_test.js","statementMap":{"0":{"start":{"line":3,"column":12},"end":{"line":3,"column":27}},"1":{"start":{"line":5,"column":13},"end":{"line":5,"column":42}},"2":{"start":{"line":7,"column":12},"end":{"line":7,"column":27}},"3":{"start":{"line":9,"column":13},"end":{"line":9,"column":42}},"4":{"start":{"line":11,"column":13},"end":{"line":11,"column":36}},"5":{"start":{"line":13,"column":14},"end":{"line":13,"column":44}},"6":{"start":{"line":15,"column":39},"end":{"line":15,"column":93}},"7":{"start":{"line":17,"column":13},"end":{"line":17,"column":34}},"8":{"start":{"line":18,"column":0},"end":{"line":18,"column":24}},"9":{"start":{"line":20,"column":0},"end":{"line":25,"column":3}},"10":{"start":{"line":22,"column":4},"end":{"line":24,"column":7}},"11":{"start":{"line":23,"column":8},"end":{"line":23,"column":37}}},"fnMap":{"0":{"name":"_interopRequireDefault","decl":{"start":{"line":15,"column":9},"end":{"line":15,"column":31}},"loc":{"start":{"line":15,"column":37},"end":{"line":15,"column":95}},"line":15},"1":{"name":"(anonymous_1)","decl":{"start":{"line":20,"column":26},"end":{"line":20,"column":27}},"loc":{"start":{"line":20,"column":38},"end":{"line":25,"column":1}},"line":20},"2":{"name":"(anonymous_2)","decl":{"start":{"line":22,"column":17},"end":{"line":22,"column":18}},"loc":{"start":{"line":22,"column":29},"end":{"line":24,"column":5}},"line":22}},"branchMap":{"0":{"loc":{"start":{"line":15,"column":46},"end":{"line":15,"column":92}},"type":"cond-expr","locations":[{"start":{"line":15,"column":70},"end":{"line":15,"column":73}},{"start":{"line":15,"column":76},"end":{"line":15,"column":92}}],"line":15},"1":{"loc":{"start":{"line":15,"column":46},"end":{"line":15,"column":67}},"type":"binary-expr","locations":[{"start":{"line":15,"column":46},"end":{"line":15,"column":49}},{"start":{"line":15,"column":53},"end":{"line":15,"column":67}}],"line":15}},"s":{"0":1,"1":1,"2":1,"3":1,"4":1,"5":1,"6":3,"7":1,"8":1,"9":1,"10":1,"11":1},"f":{"0":3,"1":1,"2":1},"b":{"0":[0,3],"1":[3,3]},"_coverageSchema":"332fd63041d2c1bcb487cc26dd0d5f7d97098a6c","hash":"4fbb83a07bd5fa4e9390c4f851b196a2fbf46d6d","contentHash":"8878f3707e67b448c861cfc9a1fb13f3_11.2.1"},"/home/ubuntu/workspace/hybridradio-spi/src/lib/Group.js":{"path":"/home/ubuntu/workspace/hybridradio-spi/src/lib/Group.js","statementMap":{"0":{"start":{"line":3,"column":50},"end":{"line":3,"column":151}},"1":{"start":{"line":3,"column":92},"end":{"line":3,"column":149}},"2":{"start":{"line":5,"column":12},"end":{"line":7,"column":1}},"3":{"start":{"line":6,"column":4},"end":{"line":6,"column":33}}},"fnMap":{"0":{"name":"_classCallCheck","decl":{"start":{"line":3,"column":9},"end":{"line":3,"column":24}},"loc":{"start":{"line":3,"column":48},"end":{"line":3,"column":153}},"line":3},"1":{"name":"Group","decl":{"start":{"line":5,"column":21},"end":{"line":5,"column":26}},"loc":{"start":{"line":5,"column":29},"end":{"line":7,"column":1}},"line":5}},"branchMap":{"0":{"loc":{"start":{"line":3,"column":50},"end":{"line":3,"column":151}},"type":"if","locations":[{"start":{"line":3,"column":50},"end":{"line":3,"column":151}},{"start":{"line":3,"column":50},"end":{"line":3,"column":151}}],"line":3}},"s":{"0":0,"1":0,"2":1,"3":0},"f":{"0":0,"1":0},"b":{"0":[0,0]},"_coverageSchema":"332fd63041d2c1bcb487cc26dd0d5f7d97098a6c","hash":"09f1ee65ca48716a5de262b89a476d760ab5b48c","contentHash":"c313a62abf5f212b0b488bf657df1f94_11.2.1"},"/home/ubuntu/workspace/hybridradio-spi/src/test/Link_test.js":{"path":"/home/ubuntu/workspace/hybridradio-spi/src/test/Link_test.js","statementMap":{"0":{"start":{"line":3,"column":12},"end":{"line":3,"column":27}},"1":{"start":{"line":5,"column":13},"end":{"line":5,"column":42}},"2":{"start":{"line":7,"column":12},"end":{"line":7,"column":27}},"3":{"start":{"line":9,"column":13},"end":{"line":9,"column":42}},"4":{"start":{"line":11,"column":14},"end":{"line":11,"column":31}},"5":{"start":{"line":13,"column":15},"end":{"line":13,"column":46}},"6":{"start":{"line":15,"column":12},"end":{"line":15,"column":34}},"7":{"start":{"line":17,"column":13},"end":{"line":17,"column":42}},"8":{"start":{"line":19,"column":39},"end":{"line":19,"column":93}},"9":{"start":{"line":21,"column":13},"end":{"line":21,"column":34}},"10":{"start":{"line":22,"column":0},"end":{"line":22,"column":24}},"11":{"start":{"line":24,"column":0},"end":{"line":76,"column":3}},"12":{"start":{"line":26,"column":4},"end":{"line":29,"column":7}},"13":{"start":{"line":31,"column":4},"end":{"line":33,"column":7}},"14":{"start":{"line":32,"column":8},"end":{"line":32,"column":36}},"15":{"start":{"line":35,"column":4},"end":{"line":38,"column":7}},"16":{"start":{"line":36,"column":19},"end":{"line":36,"column":60}},"17":{"start":{"line":37,"column":8},"end":{"line":37,"column":53}},"18":{"start":{"line":40,"column":4},"end":{"line":43,"column":7}},"19":{"start":{"line":41,"column":19},"end":{"line":41,"column":73}},"20":{"start":{"line":42,"column":8},"end":{"line":42,"column":49}},"21":{"start":{"line":44,"column":4},"end":{"line":47,"column":7}},"22":{"start":{"line":45,"column":19},"end":{"line":45,"column":60}},"23":{"start":{"line":46,"column":8},"end":{"line":46,"column":49}},"24":{"start":{"line":48,"column":4},"end":{"line":51,"column":7}},"25":{"start":{"line":49,"column":19},"end":{"line":49,"column":72}},"26":{"start":{"line":50,"column":8},"end":{"line":50,"column":37}},"27":{"start":{"line":52,"column":4},"end":{"line":55,"column":7}},"28":{"start":{"line":53,"column":19},"end":{"line":53,"column":60}},"29":{"start":{"line":54,"column":8},"end":{"line":54,"column":44}},"30":{"start":{"line":56,"column":4},"end":{"line":59,"column":7}},"31":{"start":{"line":57,"column":19},"end":{"line":57,"column":91}},"32":{"start":{"line":58,"column":8},"end":{"line":58,"column":57}},"33":{"start":{"line":60,"column":4},"end":{"line":63,"column":7}},"34":{"start":{"line":61,"column":19},"end":{"line":61,"column":60}},"35":{"start":{"line":62,"column":8},"end":{"line":62,"column":51}},"36":{"start":{"line":64,"column":4},"end":{"line":67,"column":7}},"37":{"start":{"line":65,"column":19},"end":{"line":65,"column":78}},"38":{"start":{"line":66,"column":8},"end":{"line":66,"column":37}},"39":{"start":{"line":68,"column":4},"end":{"line":71,"column":7}},"40":{"start":{"line":69,"column":19},"end":{"line":69,"column":102}},"41":{"start":{"line":70,"column":8},"end":{"line":70,"column":36}},"42":{"start":{"line":72,"column":4},"end":{"line":75,"column":7}},"43":{"start":{"line":73,"column":19},"end":{"line":73,"column":102}},"44":{"start":{"line":74,"column":8},"end":{"line":74,"column":37}}},"fnMap":{"0":{"name":"_interopRequireDefault","decl":{"start":{"line":19,"column":9},"end":{"line":19,"column":31}},"loc":{"start":{"line":19,"column":37},"end":{"line":19,"column":95}},"line":19},"1":{"name":"(anonymous_1)","decl":{"start":{"line":24,"column":25},"end":{"line":24,"column":26}},"loc":{"start":{"line":24,"column":37},"end":{"line":76,"column":1}},"line":24},"2":{"name":"(anonymous_2)","decl":{"start":{"line":26,"column":15},"end":{"line":26,"column":16}},"loc":{"start":{"line":26,"column":27},"end":{"line":29,"column":5}},"line":26},"3":{"name":"(anonymous_3)","decl":{"start":{"line":31,"column":17},"end":{"line":31,"column":18}},"loc":{"start":{"line":31,"column":29},"end":{"line":33,"column":5}},"line":31},"4":{"name":"(anonymous_4)","decl":{"start":{"line":35,"column":35},"end":{"line":35,"column":36}},"loc":{"start":{"line":35,"column":47},"end":{"line":38,"column":5}},"line":35},"5":{"name":"(anonymous_5)","decl":{"start":{"line":40,"column":40},"end":{"line":40,"column":41}},"loc":{"start":{"line":40,"column":52},"end":{"line":43,"column":5}},"line":40},"6":{"name":"(anonymous_6)","decl":{"start":{"line":44,"column":51},"end":{"line":44,"column":52}},"loc":{"start":{"line":44,"column":63},"end":{"line":47,"column":5}},"line":44},"7":{"name":"(anonymous_7)","decl":{"start":{"line":48,"column":38},"end":{"line":48,"column":39}},"loc":{"start":{"line":48,"column":50},"end":{"line":51,"column":5}},"line":48},"8":{"name":"(anonymous_8)","decl":{"start":{"line":52,"column":49},"end":{"line":52,"column":50}},"loc":{"start":{"line":52,"column":61},"end":{"line":55,"column":5}},"line":52},"9":{"name":"(anonymous_9)","decl":{"start":{"line":56,"column":41},"end":{"line":56,"column":42}},"loc":{"start":{"line":56,"column":53},"end":{"line":59,"column":5}},"line":56},"10":{"name":"(anonymous_10)","decl":{"start":{"line":60,"column":52},"end":{"line":60,"column":53}},"loc":{"start":{"line":60,"column":64},"end":{"line":63,"column":5}},"line":60},"11":{"name":"(anonymous_11)","decl":{"start":{"line":64,"column":57},"end":{"line":64,"column":58}},"loc":{"start":{"line":64,"column":69},"end":{"line":67,"column":5}},"line":64},"12":{"name":"(anonymous_12)","decl":{"start":{"line":68,"column":63},"end":{"line":68,"column":64}},"loc":{"start":{"line":68,"column":75},"end":{"line":71,"column":5}},"line":68},"13":{"name":"(anonymous_13)","decl":{"start":{"line":72,"column":66},"end":{"line":72,"column":67}},"loc":{"start":{"line":72,"column":78},"end":{"line":75,"column":5}},"line":72}},"branchMap":{"0":{"loc":{"start":{"line":19,"column":46},"end":{"line":19,"column":92}},"type":"cond-expr","locations":[{"start":{"line":19,"column":70},"end":{"line":19,"column":73}},{"start":{"line":19,"column":76},"end":{"line":19,"column":92}}],"line":19},"1":{"loc":{"start":{"line":19,"column":46},"end":{"line":19,"column":67}},"type":"binary-expr","locations":[{"start":{"line":19,"column":46},"end":{"line":19,"column":49}},{"start":{"line":19,"column":53},"end":{"line":19,"column":67}}],"line":19}},"s":{"0":1,"1":1,"2":1,"3":1,"4":1,"5":1,"6":1,"7":1,"8":4,"9":1,"10":1,"11":1,"12":1,"13":1,"14":1,"15":1,"16":1,"17":1,"18":1,"19":1,"20":1,"21":1,"22":1,"23":1,"24":1,"25":1,"26":1,"27":1,"28":1,"29":1,"30":1,"31":1,"32":1,"33":1,"34":1,"35":1,"36":1,"37":1,"38":1,"39":1,"40":1,"41":1,"42":1,"43":1,"44":1},"f":{"0":4,"1":1,"2":11,"3":1,"4":1,"5":1,"6":1,"7":1,"8":1,"9":1,"10":1,"11":1,"12":1,"13":1},"b":{"0":[1,3],"1":[4,4]},"_coverageSchema":"332fd63041d2c1bcb487cc26dd0d5f7d97098a6c","hash":"b82e4da54df1bb5bdab9d7c44596e85235c284e9","contentHash":"f8913f306b37335112214ca88669b098_11.2.1"},"/home/ubuntu/workspace/hybridradio-spi/src/lib/Link.js":{"path":"/home/ubuntu/workspace/hybridradio-spi/src/lib/Link.js","statementMap":{"0":{"start":{"line":3,"column":0},"end":{"line":5,"column":3}},"1":{"start":{"line":7,"column":14},"end":{"line":7,"column":31}},"2":{"start":{"line":9,"column":15},"end":{"line":9,"column":46}},"3":{"start":{"line":11,"column":39},"end":{"line":11,"column":93}},"4":{"start":{"line":13,"column":50},"end":{"line":13,"column":151}},"5":{"start":{"line":13,"column":92},"end":{"line":13,"column":149}},"6":{"start":{"line":15,"column":11},"end":{"line":34,"column":1}},"7":{"start":{"line":16,"column":20},"end":{"line":16,"column":92}},"8":{"start":{"line":17,"column":15},"end":{"line":17,"column":87}},"9":{"start":{"line":18,"column":22},"end":{"line":18,"column":94}},"10":{"start":{"line":19,"column":21},"end":{"line":19,"column":93}},"11":{"start":{"line":21,"column":4},"end":{"line":21,"column":32}},"12":{"start":{"line":23,"column":4},"end":{"line":23,"column":19}},"13":{"start":{"line":24,"column":4},"end":{"line":24,"column":31}},"14":{"start":{"line":25,"column":4},"end":{"line":25,"column":21}},"15":{"start":{"line":26,"column":4},"end":{"line":26,"column":35}},"16":{"start":{"line":27,"column":4},"end":{"line":27,"column":85}},"17":{"start":{"line":28,"column":4},"end":{"line":33,"column":5}},"18":{"start":{"line":29,"column":8},"end":{"line":29,"column":29}},"19":{"start":{"line":31,"column":18},"end":{"line":31,"column":41}},"20":{"start":{"line":32,"column":8},"end":{"line":32,"column":45}},"21":{"start":{"line":36,"column":0},"end":{"line":36,"column":23}}},"fnMap":{"0":{"name":"_interopRequireDefault","decl":{"start":{"line":11,"column":9},"end":{"line":11,"column":31}},"loc":{"start":{"line":11,"column":37},"end":{"line":11,"column":95}},"line":11},"1":{"name":"_classCallCheck","decl":{"start":{"line":13,"column":9},"end":{"line":13,"column":24}},"loc":{"start":{"line":13,"column":48},"end":{"line":13,"column":153}},"line":13},"2":{"name":"Link","decl":{"start":{"line":15,"column":20},"end":{"line":15,"column":24}},"loc":{"start":{"line":15,"column":30},"end":{"line":34,"column":1}},"line":15}},"branchMap":{"0":{"loc":{"start":{"line":11,"column":46},"end":{"line":11,"column":92}},"type":"cond-expr","locations":[{"start":{"line":11,"column":70},"end":{"line":11,"column":73}},{"start":{"line":11,"column":76},"end":{"line":11,"column":92}}],"line":11},"1":{"loc":{"start":{"line":11,"column":46},"end":{"line":11,"column":67}},"type":"binary-expr","locations":[{"start":{"line":11,"column":46},"end":{"line":11,"column":49}},{"start":{"line":11,"column":53},"end":{"line":11,"column":67}}],"line":11},"2":{"loc":{"start":{"line":13,"column":50},"end":{"line":13,"column":151}},"type":"if","locations":[{"start":{"line":13,"column":50},"end":{"line":13,"column":151}},{"start":{"line":13,"column":50},"end":{"line":13,"column":151}}],"line":13},"3":{"loc":{"start":{"line":16,"column":20},"end":{"line":16,"column":92}},"type":"cond-expr","locations":[{"start":{"line":16,"column":73},"end":{"line":16,"column":85}},{"start":{"line":16,"column":88},"end":{"line":16,"column":92}}],"line":16},"4":{"loc":{"start":{"line":16,"column":20},"end":{"line":16,"column":70}},"type":"binary-expr","locations":[{"start":{"line":16,"column":20},"end":{"line":16,"column":40}},{"start":{"line":16,"column":44},"end":{"line":16,"column":70}}],"line":16},"5":{"loc":{"start":{"line":17,"column":15},"end":{"line":17,"column":87}},"type":"cond-expr","locations":[{"start":{"line":17,"column":68},"end":{"line":17,"column":80}},{"start":{"line":17,"column":83},"end":{"line":17,"column":87}}],"line":17},"6":{"loc":{"start":{"line":17,"column":15},"end":{"line":17,"column":65}},"type":"binary-expr","locations":[{"start":{"line":17,"column":15},"end":{"line":17,"column":35}},{"start":{"line":17,"column":39},"end":{"line":17,"column":65}}],"line":17},"7":{"loc":{"start":{"line":18,"column":22},"end":{"line":18,"column":94}},"type":"cond-expr","locations":[{"start":{"line":18,"column":75},"end":{"line":18,"column":87}},{"start":{"line":18,"column":90},"end":{"line":18,"column":94}}],"line":18},"8":{"loc":{"start":{"line":18,"column":22},"end":{"line":18,"column":72}},"type":"binary-expr","locations":[{"start":{"line":18,"column":22},"end":{"line":18,"column":42}},{"start":{"line":18,"column":46},"end":{"line":18,"column":72}}],"line":18},"9":{"loc":{"start":{"line":19,"column":21},"end":{"line":19,"column":93}},"type":"cond-expr","locations":[{"start":{"line":19,"column":74},"end":{"line":19,"column":86}},{"start":{"line":19,"column":89},"end":{"line":19,"column":93}}],"line":19},"10":{"loc":{"start":{"line":19,"column":21},"end":{"line":19,"column":71}},"type":"binary-expr","locations":[{"start":{"line":19,"column":21},"end":{"line":19,"column":41}},{"start":{"line":19,"column":45},"end":{"line":19,"column":71}}],"line":19},"11":{"loc":{"start":{"line":27,"column":22},"end":{"line":27,"column":84}},"type":"cond-expr","locations":[{"start":{"line":27,"column":44},"end":{"line":27,"column":48}},{"start":{"line":27,"column":51},"end":{"line":27,"column":84}}],"line":27},"12":{"loc":{"start":{"line":28,"column":4},"end":{"line":33,"column":5}},"type":"if","locations":[{"start":{"line":28,"column":4},"end":{"line":33,"column":5}},{"start":{"line":28,"column":4},"end":{"line":33,"column":5}}],"line":28}},"s":{"0":1,"1":1,"2":1,"3":1,"4":14,"5":0,"6":1,"7":14,"8":14,"9":14,"10":14,"11":14,"12":14,"13":14,"14":14,"15":14,"16":14,"17":14,"18":10,"19":4,"20":4,"21":1},"f":{"0":1,"1":14,"2":14},"b":{"0":[0,1],"1":[1,1],"2":[0,14],"3":[10,4],"4":[14,10],"5":[6,8],"6":[14,9],"7":[7,7],"8":[14,8],"9":[4,10],"10":[14,6],"11":[10,4],"12":[10,4]},"_coverageSchema":"332fd63041d2c1bcb487cc26dd0d5f7d97098a6c","hash":"9e1894b5e42b3943ebdfba694d79a0e46ba87fce","contentHash":"1788407dd0d92a557b70382d5adb8dfd_11.2.1"},"/home/ubuntu/workspace/hybridradio-spi/src/test/Multimedia_test.js":{"path":"/home/ubuntu/workspace/hybridradio-spi/src/test/Multimedia_test.js","statementMap":{"0":{"start":{"line":3,"column":12},"end":{"line":3,"column":27}},"1":{"start":{"line":5,"column":13},"end":{"line":5,"column":42}},"2":{"start":{"line":7,"column":12},"end":{"line":7,"column":27}},"3":{"start":{"line":9,"column":13},"end":{"line":9,"column":42}},"4":{"start":{"line":11,"column":18},"end":{"line":11,"column":46}},"5":{"start":{"line":13,"column":19},"end":{"line":13,"column":54}},"6":{"start":{"line":15,"column":39},"end":{"line":15,"column":93}},"7":{"start":{"line":17,"column":13},"end":{"line":17,"column":34}},"8":{"start":{"line":18,"column":0},"end":{"line":18,"column":24}},"9":{"start":{"line":20,"column":16},"end":{"line":20,"column":27}},"10":{"start":{"line":22,"column":0},"end":{"line":79,"column":3}},"11":{"start":{"line":24,"column":4},"end":{"line":78,"column":7}},"12":{"start":{"line":25,"column":8},"end":{"line":25,"column":42}},"13":{"start":{"line":27,"column":18},"end":{"line":27,"column":54}},"14":{"start":{"line":28,"column":20},"end":{"line":28,"column":23}},"15":{"start":{"line":29,"column":21},"end":{"line":29,"column":24}},"16":{"start":{"line":30,"column":25},"end":{"line":30,"column":107}},"17":{"start":{"line":31,"column":8},"end":{"line":39,"column":11}},"18":{"start":{"line":32,"column":12},"end":{"line":32,"column":73}},"19":{"start":{"line":34,"column":12},"end":{"line":34,"column":57}},"20":{"start":{"line":36,"column":12},"end":{"line":36,"column":49}},"21":{"start":{"line":38,"column":12},"end":{"line":38,"column":51}},"22":{"start":{"line":41,"column":18},"end":{"line":41,"column":52}},"23":{"start":{"line":42,"column":25},"end":{"line":42,"column":93}},"24":{"start":{"line":43,"column":8},"end":{"line":51,"column":11}},"25":{"start":{"line":44,"column":12},"end":{"line":44,"column":74}},"26":{"start":{"line":46,"column":12},"end":{"line":46,"column":57}},"27":{"start":{"line":48,"column":12},"end":{"line":48,"column":46}},"28":{"start":{"line":50,"column":12},"end":{"line":50,"column":47}},"29":{"start":{"line":53,"column":18},"end":{"line":53,"column":52}},"30":{"start":{"line":54,"column":25},"end":{"line":54,"column":96}},"31":{"start":{"line":55,"column":8},"end":{"line":63,"column":11}},"32":{"start":{"line":56,"column":12},"end":{"line":56,"column":77}},"33":{"start":{"line":58,"column":12},"end":{"line":58,"column":57}},"34":{"start":{"line":60,"column":12},"end":{"line":60,"column":47}},"35":{"start":{"line":62,"column":12},"end":{"line":62,"column":47}},"36":{"start":{"line":65,"column":18},"end":{"line":65,"column":54}},"37":{"start":{"line":66,"column":20},"end":{"line":66,"column":23}},"38":{"start":{"line":67,"column":21},"end":{"line":67,"column":24}},"39":{"start":{"line":68,"column":25},"end":{"line":68,"column":97}},"40":{"start":{"line":69,"column":8},"end":{"line":77,"column":11}},"41":{"start":{"line":70,"column":12},"end":{"line":70,"column":60}},"42":{"start":{"line":72,"column":12},"end":{"line":72,"column":57}},"43":{"start":{"line":74,"column":12},"end":{"line":74,"column":49}},"44":{"start":{"line":76,"column":12},"end":{"line":76,"column":51}}},"fnMap":{"0":{"name":"_interopRequireDefault","decl":{"start":{"line":15,"column":9},"end":{"line":15,"column":31}},"loc":{"start":{"line":15,"column":37},"end":{"line":15,"column":95}},"line":15},"1":{"name":"(anonymous_1)","decl":{"start":{"line":22,"column":31},"end":{"line":22,"column":32}},"loc":{"start":{"line":22,"column":43},"end":{"line":79,"column":1}},"line":22},"2":{"name":"(anonymous_2)","decl":{"start":{"line":24,"column":17},"end":{"line":24,"column":18}},"loc":{"start":{"line":24,"column":29},"end":{"line":26,"column":5}},"line":24},"3":{"name":"(anonymous_3)","decl":{"start":{"line":26,"column":55},"end":{"line":26,"column":56}},"loc":{"start":{"line":26,"column":67},"end":{"line":40,"column":5}},"line":26},"4":{"name":"(anonymous_4)","decl":{"start":{"line":31,"column":39},"end":{"line":31,"column":40}},"loc":{"start":{"line":31,"column":51},"end":{"line":33,"column":9}},"line":31},"5":{"name":"(anonymous_5)","decl":{"start":{"line":33,"column":45},"end":{"line":33,"column":46}},"loc":{"start":{"line":33,"column":57},"end":{"line":35,"column":9}},"line":33},"6":{"name":"(anonymous_6)","decl":{"start":{"line":35,"column":40},"end":{"line":35,"column":41}},"loc":{"start":{"line":35,"column":52},"end":{"line":37,"column":9}},"line":35},"7":{"name":"(anonymous_7)","decl":{"start":{"line":37,"column":41},"end":{"line":37,"column":42}},"loc":{"start":{"line":37,"column":53},"end":{"line":39,"column":9}},"line":37},"8":{"name":"(anonymous_8)","decl":{"start":{"line":40,"column":56},"end":{"line":40,"column":57}},"loc":{"start":{"line":40,"column":68},"end":{"line":52,"column":5}},"line":40},"9":{"name":"(anonymous_9)","decl":{"start":{"line":43,"column":39},"end":{"line":43,"column":40}},"loc":{"start":{"line":43,"column":51},"end":{"line":45,"column":9}},"line":43},"10":{"name":"(anonymous_10)","decl":{"start":{"line":45,"column":45},"end":{"line":45,"column":46}},"loc":{"start":{"line":45,"column":57},"end":{"line":47,"column":9}},"line":45},"11":{"name":"(anonymous_11)","decl":{"start":{"line":47,"column":40},"end":{"line":47,"column":41}},"loc":{"start":{"line":47,"column":52},"end":{"line":49,"column":9}},"line":47},"12":{"name":"(anonymous_12)","decl":{"start":{"line":49,"column":41},"end":{"line":49,"column":42}},"loc":{"start":{"line":49,"column":53},"end":{"line":51,"column":9}},"line":49},"13":{"name":"(anonymous_13)","decl":{"start":{"line":52,"column":59},"end":{"line":52,"column":60}},"loc":{"start":{"line":52,"column":71},"end":{"line":64,"column":5}},"line":52},"14":{"name":"(anonymous_14)","decl":{"start":{"line":55,"column":39},"end":{"line":55,"column":40}},"loc":{"start":{"line":55,"column":51},"end":{"line":57,"column":9}},"line":55},"15":{"name":"(anonymous_15)","decl":{"start":{"line":57,"column":45},"end":{"line":57,"column":46}},"loc":{"start":{"line":57,"column":57},"end":{"line":59,"column":9}},"line":57},"16":{"name":"(anonymous_16)","decl":{"start":{"line":59,"column":40},"end":{"line":59,"column":41}},"loc":{"start":{"line":59,"column":52},"end":{"line":61,"column":9}},"line":59},"17":{"name":"(anonymous_17)","decl":{"start":{"line":61,"column":41},"end":{"line":61,"column":42}},"loc":{"start":{"line":61,"column":53},"end":{"line":63,"column":9}},"line":61},"18":{"name":"(anonymous_18)","decl":{"start":{"line":64,"column":47},"end":{"line":64,"column":48}},"loc":{"start":{"line":64,"column":59},"end":{"line":78,"column":5}},"line":64},"19":{"name":"(anonymous_19)","decl":{"start":{"line":69,"column":34},"end":{"line":69,"column":35}},"loc":{"start":{"line":69,"column":46},"end":{"line":71,"column":9}},"line":69},"20":{"name":"(anonymous_20)","decl":{"start":{"line":71,"column":45},"end":{"line":71,"column":46}},"loc":{"start":{"line":71,"column":57},"end":{"line":73,"column":9}},"line":71},"21":{"name":"(anonymous_21)","decl":{"start":{"line":73,"column":40},"end":{"line":73,"column":41}},"loc":{"start":{"line":73,"column":52},"end":{"line":75,"column":9}},"line":73},"22":{"name":"(anonymous_22)","decl":{"start":{"line":75,"column":41},"end":{"line":75,"column":42}},"loc":{"start":{"line":75,"column":53},"end":{"line":77,"column":9}},"line":75}},"branchMap":{"0":{"loc":{"start":{"line":15,"column":46},"end":{"line":15,"column":92}},"type":"cond-expr","locations":[{"start":{"line":15,"column":70},"end":{"line":15,"column":73}},{"start":{"line":15,"column":76},"end":{"line":15,"column":92}}],"line":15},"1":{"loc":{"start":{"line":15,"column":46},"end":{"line":15,"column":67}},"type":"binary-expr","locations":[{"start":{"line":15,"column":46},"end":{"line":15,"column":49}},{"start":{"line":15,"column":53},"end":{"line":15,"column":67}}],"line":15}},"s":{"0":1,"1":1,"2":1,"3":1,"4":1,"5":1,"6":3,"7":1,"8":1,"9":1,"10":1,"11":1,"12":1,"13":1,"14":1,"15":1,"16":1,"17":1,"18":1,"19":1,"20":1,"21":1,"22":1,"23":1,"24":1,"25":1,"26":1,"27":1,"28":1,"29":1,"30":1,"31":1,"32":1,"33":1,"34":1,"35":1,"36":1,"37":1,"38":1,"39":1,"40":1,"41":1,"42":1,"43":1,"44":1},"f":{"0":3,"1":1,"2":1,"3":1,"4":1,"5":1,"6":1,"7":1,"8":1,"9":1,"10":1,"11":1,"12":1,"13":1,"14":1,"15":1,"16":1,"17":1,"18":1,"19":1,"20":1,"21":1,"22":1},"b":{"0":[1,2],"1":[3,3]},"_coverageSchema":"332fd63041d2c1bcb487cc26dd0d5f7d97098a6c","hash":"cf1810654f816b731727bce4e75d7a33e9e7a314","contentHash":"1f85949ea301b48d42049be3b015c612_11.2.1"},"/home/ubuntu/workspace/hybridradio-spi/src/lib/Multimedia.js":{"path":"/home/ubuntu/workspace/hybridradio-spi/src/lib/Multimedia.js","statementMap":{"0":{"start":{"line":3,"column":0},"end":{"line":5,"column":3}},"1":{"start":{"line":7,"column":50},"end":{"line":7,"column":151}},"2":{"start":{"line":7,"column":92},"end":{"line":7,"column":149}},"3":{"start":{"line":9,"column":11},"end":{"line":13,"column":1}},"4":{"start":{"line":15,"column":17},"end":{"line":75,"column":1}},"5":{"start":{"line":16,"column":15},"end":{"line":16,"column":92}},"6":{"start":{"line":17,"column":20},"end":{"line":17,"column":97}},"7":{"start":{"line":18,"column":21},"end":{"line":18,"column":98}},"8":{"start":{"line":19,"column":16},"end":{"line":19,"column":93}},"9":{"start":{"line":20,"column":17},"end":{"line":20,"column":94}},"10":{"start":{"line":22,"column":4},"end":{"line":22,"column":38}},"11":{"start":{"line":24,"column":4},"end":{"line":24,"column":21}},"12":{"start":{"line":25,"column":4},"end":{"line":25,"column":19}},"13":{"start":{"line":26,"column":4},"end":{"line":74,"column":5}},"14":{"start":{"line":28,"column":12},"end":{"line":28,"column":43}},"15":{"start":{"line":29,"column":12},"end":{"line":33,"column":13}},"16":{"start":{"line":30,"column":16},"end":{"line":30,"column":128}},"17":{"start":{"line":32,"column":16},"end":{"line":32,"column":43}},"18":{"start":{"line":34,"column":12},"end":{"line":38,"column":13}},"19":{"start":{"line":35,"column":16},"end":{"line":35,"column":124}},"20":{"start":{"line":37,"column":16},"end":{"line":37,"column":35}},"21":{"start":{"line":39,"column":12},"end":{"line":43,"column":13}},"22":{"start":{"line":40,"column":16},"end":{"line":40,"column":125}},"23":{"start":{"line":42,"column":16},"end":{"line":42,"column":37}},"24":{"start":{"line":44,"column":12},"end":{"line":44,"column":18}},"25":{"start":{"line":46,"column":12},"end":{"line":46,"column":44}},"26":{"start":{"line":47,"column":12},"end":{"line":47,"column":41}},"27":{"start":{"line":48,"column":12},"end":{"line":48,"column":28}},"28":{"start":{"line":49,"column":12},"end":{"line":49,"column":29}},"29":{"start":{"line":50,"column":12},"end":{"line":50,"column":18}},"30":{"start":{"line":52,"column":12},"end":{"line":52,"column":47}},"31":{"start":{"line":53,"column":12},"end":{"line":53,"column":41}},"32":{"start":{"line":54,"column":12},"end":{"line":54,"column":29}},"33":{"start":{"line":55,"column":12},"end":{"line":55,"column":29}},"34":{"start":{"line":56,"column":12},"end":{"line":56,"column":18}},"35":{"start":{"line":58,"column":12},"end":{"line":58,"column":35}},"36":{"start":{"line":59,"column":12},"end":{"line":63,"column":13}},"37":{"start":{"line":60,"column":16},"end":{"line":60,"column":132}},"38":{"start":{"line":62,"column":16},"end":{"line":62,"column":43}},"39":{"start":{"line":64,"column":12},"end":{"line":68,"column":13}},"40":{"start":{"line":65,"column":16},"end":{"line":65,"column":35}},"41":{"start":{"line":67,"column":16},"end":{"line":67,"column":141}},"42":{"start":{"line":69,"column":12},"end":{"line":73,"column":13}},"43":{"start":{"line":70,"column":16},"end":{"line":70,"column":37}},"44":{"start":{"line":72,"column":16},"end":{"line":72,"column":143}},"45":{"start":{"line":80,"column":0},"end":{"line":80,"column":29}}},"fnMap":{"0":{"name":"_classCallCheck","decl":{"start":{"line":7,"column":9},"end":{"line":7,"column":24}},"loc":{"start":{"line":7,"column":48},"end":{"line":7,"column":153}},"line":7},"1":{"name":"Multimedia","decl":{"start":{"line":15,"column":26},"end":{"line":15,"column":36}},"loc":{"start":{"line":15,"column":42},"end":{"line":75,"column":1}},"line":15}},"branchMap":{"0":{"loc":{"start":{"line":7,"column":50},"end":{"line":7,"column":151}},"type":"if","locations":[{"start":{"line":7,"column":50},"end":{"line":7,"column":151}},{"start":{"line":7,"column":50},"end":{"line":7,"column":151}}],"line":7},"1":{"loc":{"start":{"line":16,"column":15},"end":{"line":16,"column":92}},"type":"cond-expr","locations":[{"start":{"line":16,"column":68},"end":{"line":16,"column":80}},{"start":{"line":16,"column":83},"end":{"line":16,"column":92}}],"line":16},"2":{"loc":{"start":{"line":16,"column":15},"end":{"line":16,"column":65}},"type":"binary-expr","locations":[{"start":{"line":16,"column":15},"end":{"line":16,"column":35}},{"start":{"line":16,"column":39},"end":{"line":16,"column":65}}],"line":16},"3":{"loc":{"start":{"line":17,"column":20},"end":{"line":17,"column":97}},"type":"cond-expr","locations":[{"start":{"line":17,"column":73},"end":{"line":17,"column":85}},{"start":{"line":17,"column":88},"end":{"line":17,"column":97}}],"line":17},"4":{"loc":{"start":{"line":17,"column":20},"end":{"line":17,"column":70}},"type":"binary-expr","locations":[{"start":{"line":17,"column":20},"end":{"line":17,"column":40}},{"start":{"line":17,"column":44},"end":{"line":17,"column":70}}],"line":17},"5":{"loc":{"start":{"line":18,"column":21},"end":{"line":18,"column":98}},"type":"cond-expr","locations":[{"start":{"line":18,"column":74},"end":{"line":18,"column":86}},{"start":{"line":18,"column":89},"end":{"line":18,"column":98}}],"line":18},"6":{"loc":{"start":{"line":18,"column":21},"end":{"line":18,"column":71}},"type":"binary-expr","locations":[{"start":{"line":18,"column":21},"end":{"line":18,"column":41}},{"start":{"line":18,"column":45},"end":{"line":18,"column":71}}],"line":18},"7":{"loc":{"start":{"line":19,"column":16},"end":{"line":19,"column":93}},"type":"cond-expr","locations":[{"start":{"line":19,"column":69},"end":{"line":19,"column":81}},{"start":{"line":19,"column":84},"end":{"line":19,"column":93}}],"line":19},"8":{"loc":{"start":{"line":19,"column":16},"end":{"line":19,"column":66}},"type":"binary-expr","locations":[{"start":{"line":19,"column":16},"end":{"line":19,"column":36}},{"start":{"line":19,"column":40},"end":{"line":19,"column":66}}],"line":19},"9":{"loc":{"start":{"line":20,"column":17},"end":{"line":20,"column":94}},"type":"cond-expr","locations":[{"start":{"line":20,"column":70},"end":{"line":20,"column":82}},{"start":{"line":20,"column":85},"end":{"line":20,"column":94}}],"line":20},"10":{"loc":{"start":{"line":20,"column":17},"end":{"line":20,"column":67}},"type":"binary-expr","locations":[{"start":{"line":20,"column":17},"end":{"line":20,"column":37}},{"start":{"line":20,"column":41},"end":{"line":20,"column":67}}],"line":20},"11":{"loc":{"start":{"line":26,"column":4},"end":{"line":74,"column":5}},"type":"switch","locations":[{"start":{"line":27,"column":8},"end":{"line":44,"column":18}},{"start":{"line":45,"column":8},"end":{"line":50,"column":18}},{"start":{"line":51,"column":8},"end":{"line":56,"column":18}},{"start":{"line":57,"column":8},"end":{"line":73,"column":13}}],"line":26},"12":{"loc":{"start":{"line":29,"column":12},"end":{"line":33,"column":13}},"type":"if","locations":[{"start":{"line":29,"column":12},"end":{"line":33,"column":13}},{"start":{"line":29,"column":12},"end":{"line":33,"column":13}}],"line":29},"13":{"loc":{"start":{"line":34,"column":12},"end":{"line":38,"column":13}},"type":"if","locations":[{"start":{"line":34,"column":12},"end":{"line":38,"column":13}},{"start":{"line":34,"column":12},"end":{"line":38,"column":13}}],"line":34},"14":{"loc":{"start":{"line":39,"column":12},"end":{"line":43,"column":13}},"type":"if","locations":[{"start":{"line":39,"column":12},"end":{"line":43,"column":13}},{"start":{"line":39,"column":12},"end":{"line":43,"column":13}}],"line":39},"15":{"loc":{"start":{"line":59,"column":12},"end":{"line":63,"column":13}},"type":"if","locations":[{"start":{"line":59,"column":12},"end":{"line":63,"column":13}},{"start":{"line":59,"column":12},"end":{"line":63,"column":13}}],"line":59},"16":{"loc":{"start":{"line":64,"column":12},"end":{"line":68,"column":13}},"type":"if","locations":[{"start":{"line":64,"column":12},"end":{"line":68,"column":13}},{"start":{"line":64,"column":12},"end":{"line":68,"column":13}}],"line":64},"17":{"loc":{"start":{"line":64,"column":16},"end":{"line":64,"column":53}},"type":"binary-expr","locations":[{"start":{"line":64,"column":16},"end":{"line":64,"column":39}},{"start":{"line":64,"column":43},"end":{"line":64,"column":53}}],"line":64},"18":{"loc":{"start":{"line":69,"column":12},"end":{"line":73,"column":13}},"type":"if","locations":[{"start":{"line":69,"column":12},"end":{"line":73,"column":13}},{"start":{"line":69,"column":12},"end":{"line":73,"column":13}}],"line":69},"19":{"loc":{"start":{"line":69,"column":16},"end":{"line":69,"column":55}},"type":"binary-expr","locations":[{"start":{"line":69,"column":16},"end":{"line":69,"column":40}},{"start":{"line":69,"column":44},"end":{"line":69,"column":55}}],"line":69}},"s":{"0":1,"1":10,"2":0,"3":1,"4":1,"5":10,"6":10,"7":10,"8":10,"9":10,"10":10,"11":10,"12":10,"13":10,"14":1,"15":1,"16":0,"17":1,"18":1,"19":0,"20":1,"21":1,"22":0,"23":1,"24":1,"25":1,"26":1,"27":1,"28":1,"29":1,"30":1,"31":1,"32":1,"33":1,"34":1,"35":7,"36":7,"37":0,"38":7,"39":7,"40":7,"41":0,"42":7,"43":7,"44":0,"45":1},"f":{"0":10,"1":10},"b":{"0":[0,10],"1":[4,6],"2":[10,10],"3":[10,0],"4":[10,10],"5":[3,7],"6":[10,10],"7":[8,2],"8":[10,8],"9":[8,2],"10":[10,8],"11":[1,1,1,7],"12":[0,1],"13":[0,1],"14":[0,1],"15":[0,7],"16":[7,0],"17":[7,7],"18":[7,0],"19":[7,7]},"_coverageSchema":"332fd63041d2c1bcb487cc26dd0d5f7d97098a6c","hash":"c044c16f0fe805cad4a04be10ce706f184a36610","contentHash":"5664cdfb08e1e46f28de2906f28e41a1_11.2.1"},"/home/ubuntu/workspace/hybridradio-spi/src/test/ProgrammeInformation_test.js":{"path":"/home/ubuntu/workspace/hybridradio-spi/src/test/ProgrammeInformation_test.js","statementMap":{"0":{"start":{"line":3,"column":12},"end":{"line":3,"column":27}},"1":{"start":{"line":5,"column":13},"end":{"line":5,"column":42}},"2":{"start":{"line":7,"column":12},"end":{"line":7,"column":27}},"3":{"start":{"line":9,"column":13},"end":{"line":9,"column":42}},"4":{"start":{"line":11,"column":28},"end":{"line":11,"column":66}},"5":{"start":{"line":13,"column":29},"end":{"line":13,"column":74}},"6":{"start":{"line":15,"column":39},"end":{"line":15,"column":93}},"7":{"start":{"line":17,"column":13},"end":{"line":17,"column":34}},"8":{"start":{"line":18,"column":0},"end":{"line":18,"column":24}},"9":{"start":{"line":20,"column":0},"end":{"line":25,"column":3}},"10":{"start":{"line":22,"column":4},"end":{"line":24,"column":7}},"11":{"start":{"line":23,"column":8},"end":{"line":23,"column":52}}},"fnMap":{"0":{"name":"_interopRequireDefault","decl":{"start":{"line":15,"column":9},"end":{"line":15,"column":31}},"loc":{"start":{"line":15,"column":37},"end":{"line":15,"column":95}},"line":15},"1":{"name":"(anonymous_1)","decl":{"start":{"line":20,"column":41},"end":{"line":20,"column":42}},"loc":{"start":{"line":20,"column":53},"end":{"line":25,"column":1}},"line":20},"2":{"name":"(anonymous_2)","decl":{"start":{"line":22,"column":17},"end":{"line":22,"column":18}},"loc":{"start":{"line":22,"column":29},"end":{"line":24,"column":5}},"line":22}},"branchMap":{"0":{"loc":{"start":{"line":15,"column":46},"end":{"line":15,"column":92}},"type":"cond-expr","locations":[{"start":{"line":15,"column":70},"end":{"line":15,"column":73}},{"start":{"line":15,"column":76},"end":{"line":15,"column":92}}],"line":15},"1":{"loc":{"start":{"line":15,"column":46},"end":{"line":15,"column":67}},"type":"binary-expr","locations":[{"start":{"line":15,"column":46},"end":{"line":15,"column":49}},{"start":{"line":15,"column":53},"end":{"line":15,"column":67}}],"line":15}},"s":{"0":1,"1":1,"2":1,"3":1,"4":1,"5":1,"6":3,"7":1,"8":1,"9":1,"10":1,"11":1},"f":{"0":3,"1":1,"2":1},"b":{"0":[0,3],"1":[3,3]},"_coverageSchema":"332fd63041d2c1bcb487cc26dd0d5f7d97098a6c","hash":"a7775f2c4a45310c549b94c86153ead1795afc25","contentHash":"96dc690503ba4118794958901518b245_11.2.1"},"/home/ubuntu/workspace/hybridradio-spi/src/lib/ProgrammeInformation.js":{"path":"/home/ubuntu/workspace/hybridradio-spi/src/lib/ProgrammeInformation.js","statementMap":{"0":{"start":{"line":3,"column":50},"end":{"line":3,"column":151}},"1":{"start":{"line":3,"column":92},"end":{"line":3,"column":149}},"2":{"start":{"line":5,"column":27},"end":{"line":7,"column":1}},"3":{"start":{"line":6,"column":4},"end":{"line":6,"column":48}}},"fnMap":{"0":{"name":"_classCallCheck","decl":{"start":{"line":3,"column":9},"end":{"line":3,"column":24}},"loc":{"start":{"line":3,"column":48},"end":{"line":3,"column":153}},"line":3},"1":{"name":"ProgrammeInformation","decl":{"start":{"line":5,"column":36},"end":{"line":5,"column":56}},"loc":{"start":{"line":5,"column":59},"end":{"line":7,"column":1}},"line":5}},"branchMap":{"0":{"loc":{"start":{"line":3,"column":50},"end":{"line":3,"column":151}},"type":"if","locations":[{"start":{"line":3,"column":50},"end":{"line":3,"column":151}},{"start":{"line":3,"column":50},"end":{"line":3,"column":151}}],"line":3}},"s":{"0":0,"1":0,"2":1,"3":0},"f":{"0":0,"1":0},"b":{"0":[0,0]},"_coverageSchema":"332fd63041d2c1bcb487cc26dd0d5f7d97098a6c","hash":"4f2cff76b527eb794c2c4f130d16c8047e933ad9","contentHash":"2e46e41543c5a8d57327e261dc7ead15_11.2.1"},"/home/ubuntu/workspace/hybridradio-spi/src/test/RadioDNS_test.js":{"path":"/home/ubuntu/workspace/hybridradio-spi/src/test/RadioDNS_test.js","statementMap":{"0":{"start":{"line":3,"column":12},"end":{"line":3,"column":27}},"1":{"start":{"line":5,"column":13},"end":{"line":5,"column":42}},"2":{"start":{"line":7,"column":12},"end":{"line":7,"column":27}},"3":{"start":{"line":9,"column":13},"end":{"line":9,"column":42}},"4":{"start":{"line":11,"column":16},"end":{"line":11,"column":42}},"5":{"start":{"line":13,"column":17},"end":{"line":13,"column":50}},"6":{"start":{"line":15,"column":39},"end":{"line":15,"column":93}},"7":{"start":{"line":17,"column":13},"end":{"line":17,"column":34}},"8":{"start":{"line":18,"column":0},"end":{"line":18,"column":24}},"9":{"start":{"line":20,"column":0},"end":{"line":25,"column":3}},"10":{"start":{"line":22,"column":4},"end":{"line":24,"column":7}},"11":{"start":{"line":23,"column":8},"end":{"line":23,"column":40}}},"fnMap":{"0":{"name":"_interopRequireDefault","decl":{"start":{"line":15,"column":9},"end":{"line":15,"column":31}},"loc":{"start":{"line":15,"column":37},"end":{"line":15,"column":95}},"line":15},"1":{"name":"(anonymous_1)","decl":{"start":{"line":20,"column":27},"end":{"line":20,"column":28}},"loc":{"start":{"line":20,"column":39},"end":{"line":25,"column":1}},"line":20},"2":{"name":"(anonymous_2)","decl":{"start":{"line":22,"column":17},"end":{"line":22,"column":18}},"loc":{"start":{"line":22,"column":29},"end":{"line":24,"column":5}},"line":22}},"branchMap":{"0":{"loc":{"start":{"line":15,"column":46},"end":{"line":15,"column":92}},"type":"cond-expr","locations":[{"start":{"line":15,"column":70},"end":{"line":15,"column":73}},{"start":{"line":15,"column":76},"end":{"line":15,"column":92}}],"line":15},"1":{"loc":{"start":{"line":15,"column":46},"end":{"line":15,"column":67}},"type":"binary-expr","locations":[{"start":{"line":15,"column":46},"end":{"line":15,"column":49}},{"start":{"line":15,"column":53},"end":{"line":15,"column":67}}],"line":15}},"s":{"0":1,"1":1,"2":1,"3":1,"4":1,"5":1,"6":3,"7":1,"8":1,"9":1,"10":1,"11":1},"f":{"0":3,"1":1,"2":1},"b":{"0":[1,2],"1":[3,3]},"_coverageSchema":"332fd63041d2c1bcb487cc26dd0d5f7d97098a6c","hash":"5f50495085e9aca58cc25e7153bb181ba1f6978c","contentHash":"22eebad9cd9cfaed6c468cb5b10d078d_11.2.1"},"/home/ubuntu/workspace/hybridradio-spi/src/lib/RadioDNS.js":{"path":"/home/ubuntu/workspace/hybridradio-spi/src/lib/RadioDNS.js","statementMap":{"0":{"start":{"line":3,"column":0},"end":{"line":5,"column":3}},"1":{"start":{"line":7,"column":50},"end":{"line":7,"column":151}},"2":{"start":{"line":7,"column":92},"end":{"line":7,"column":149}},"3":{"start":{"line":9,"column":15},"end":{"line":24,"column":1}},"4":{"start":{"line":10,"column":4},"end":{"line":10,"column":36}},"5":{"start":{"line":12,"column":4},"end":{"line":17,"column":5}},"6":{"start":{"line":13,"column":8},"end":{"line":13,"column":25}},"7":{"start":{"line":15,"column":8},"end":{"line":15,"column":71}},"8":{"start":{"line":16,"column":8},"end":{"line":16,"column":30}},"9":{"start":{"line":18,"column":4},"end":{"line":23,"column":5}},"10":{"start":{"line":19,"column":8},"end":{"line":19,"column":51}},"11":{"start":{"line":21,"column":8},"end":{"line":21,"column":84}},"12":{"start":{"line":22,"column":8},"end":{"line":22,"column":43}},"13":{"start":{"line":26,"column":0},"end":{"line":26,"column":27}}},"fnMap":{"0":{"name":"_classCallCheck","decl":{"start":{"line":7,"column":9},"end":{"line":7,"column":24}},"loc":{"start":{"line":7,"column":48},"end":{"line":7,"column":153}},"line":7},"1":{"name":"RadioDNS","decl":{"start":{"line":9,"column":24},"end":{"line":9,"column":32}},"loc":{"start":{"line":9,"column":58},"end":{"line":24,"column":1}},"line":9}},"branchMap":{"0":{"loc":{"start":{"line":7,"column":50},"end":{"line":7,"column":151}},"type":"if","locations":[{"start":{"line":7,"column":50},"end":{"line":7,"column":151}},{"start":{"line":7,"column":50},"end":{"line":7,"column":151}}],"line":7},"1":{"loc":{"start":{"line":12,"column":4},"end":{"line":17,"column":5}},"type":"if","locations":[{"start":{"line":12,"column":4},"end":{"line":17,"column":5}},{"start":{"line":12,"column":4},"end":{"line":17,"column":5}}],"line":12},"2":{"loc":{"start":{"line":18,"column":4},"end":{"line":23,"column":5}},"type":"if","locations":[{"start":{"line":18,"column":4},"end":{"line":23,"column":5}},{"start":{"line":18,"column":4},"end":{"line":23,"column":5}}],"line":18}},"s":{"0":1,"1":1,"2":0,"3":1,"4":1,"5":1,"6":1,"7":0,"8":0,"9":1,"10":1,"11":0,"12":0,"13":1},"f":{"0":1,"1":1},"b":{"0":[0,1],"1":[1,0],"2":[1,0]},"_coverageSchema":"332fd63041d2c1bcb487cc26dd0d5f7d97098a6c","hash":"c18425b187403f97c543ee447106e780a96f2f65","contentHash":"a608e8ad920ebfe0aff23d48e0589158_11.2.1"},"/home/ubuntu/workspace/hybridradio-spi/src/test/ServiceProvider_test.js":{"path":"/home/ubuntu/workspace/hybridradio-spi/src/test/ServiceProvider_test.js","statementMap":{"0":{"start":{"line":3,"column":12},"end":{"line":3,"column":27}},"1":{"start":{"line":5,"column":13},"end":{"line":5,"column":42}},"2":{"start":{"line":7,"column":12},"end":{"line":7,"column":27}},"3":{"start":{"line":9,"column":13},"end":{"line":9,"column":42}},"4":{"start":{"line":11,"column":23},"end":{"line":11,"column":56}},"5":{"start":{"line":13,"column":24},"end":{"line":13,"column":64}},"6":{"start":{"line":15,"column":39},"end":{"line":15,"column":93}},"7":{"start":{"line":17,"column":13},"end":{"line":17,"column":34}},"8":{"start":{"line":18,"column":0},"end":{"line":18,"column":24}},"9":{"start":{"line":20,"column":0},"end":{"line":25,"column":3}},"10":{"start":{"line":22,"column":4},"end":{"line":24,"column":7}},"11":{"start":{"line":23,"column":8},"end":{"line":23,"column":47}}},"fnMap":{"0":{"name":"_interopRequireDefault","decl":{"start":{"line":15,"column":9},"end":{"line":15,"column":31}},"loc":{"start":{"line":15,"column":37},"end":{"line":15,"column":95}},"line":15},"1":{"name":"(anonymous_1)","decl":{"start":{"line":20,"column":34},"end":{"line":20,"column":35}},"loc":{"start":{"line":20,"column":46},"end":{"line":25,"column":1}},"line":20},"2":{"name":"(anonymous_2)","decl":{"start":{"line":22,"column":17},"end":{"line":22,"column":18}},"loc":{"start":{"line":22,"column":29},"end":{"line":24,"column":5}},"line":22}},"branchMap":{"0":{"loc":{"start":{"line":15,"column":46},"end":{"line":15,"column":92}},"type":"cond-expr","locations":[{"start":{"line":15,"column":70},"end":{"line":15,"column":73}},{"start":{"line":15,"column":76},"end":{"line":15,"column":92}}],"line":15},"1":{"loc":{"start":{"line":15,"column":46},"end":{"line":15,"column":67}},"type":"binary-expr","locations":[{"start":{"line":15,"column":46},"end":{"line":15,"column":49}},{"start":{"line":15,"column":53},"end":{"line":15,"column":67}}],"line":15}},"s":{"0":1,"1":1,"2":1,"3":1,"4":1,"5":1,"6":3,"7":1,"8":1,"9":1,"10":1,"11":1},"f":{"0":3,"1":1,"2":1},"b":{"0":[0,3],"1":[3,3]},"_coverageSchema":"332fd63041d2c1bcb487cc26dd0d5f7d97098a6c","hash":"255961116de38449c9a01b5f8733e7b5cc184ef9","contentHash":"3cd754e3651a185aa845c665b0d009b4_11.2.1"},"/home/ubuntu/workspace/hybridradio-spi/src/lib/ServiceProvider.js":{"path":"/home/ubuntu/workspace/hybridradio-spi/src/lib/ServiceProvider.js","statementMap":{"0":{"start":{"line":3,"column":50},"end":{"line":3,"column":151}},"1":{"start":{"line":3,"column":92},"end":{"line":3,"column":149}},"2":{"start":{"line":5,"column":22},"end":{"line":7,"column":1}},"3":{"start":{"line":6,"column":4},"end":{"line":6,"column":43}}},"fnMap":{"0":{"name":"_classCallCheck","decl":{"start":{"line":3,"column":9},"end":{"line":3,"column":24}},"loc":{"start":{"line":3,"column":48},"end":{"line":3,"column":153}},"line":3},"1":{"name":"ServiceProvider","decl":{"start":{"line":5,"column":31},"end":{"line":5,"column":46}},"loc":{"start":{"line":5,"column":49},"end":{"line":7,"column":1}},"line":5}},"branchMap":{"0":{"loc":{"start":{"line":3,"column":50},"end":{"line":3,"column":151}},"type":"if","locations":[{"start":{"line":3,"column":50},"end":{"line":3,"column":151}},{"start":{"line":3,"column":50},"end":{"line":3,"column":151}}],"line":3}},"s":{"0":0,"1":0,"2":1,"3":0},"f":{"0":0,"1":0},"b":{"0":[0,0]},"_coverageSchema":"332fd63041d2c1bcb487cc26dd0d5f7d97098a6c","hash":"31235c4192f5c930eb0c6860b9b898db4c9c8260","contentHash":"198175ce2d6ac794a14317416b366146_11.2.1"},"/home/ubuntu/workspace/hybridradio-spi/src/test/Service_test.js":{"path":"/home/ubuntu/workspace/hybridradio-spi/src/test/Service_test.js","statementMap":{"0":{"start":{"line":3,"column":12},"end":{"line":3,"column":27}},"1":{"start":{"line":5,"column":13},"end":{"line":5,"column":42}},"2":{"start":{"line":7,"column":12},"end":{"line":7,"column":27}},"3":{"start":{"line":9,"column":13},"end":{"line":9,"column":42}},"4":{"start":{"line":11,"column":14},"end":{"line":11,"column":31}},"5":{"start":{"line":13,"column":14},"end":{"line":13,"column":31}},"6":{"start":{"line":15,"column":15},"end":{"line":15,"column":46}},"7":{"start":{"line":17,"column":15},"end":{"line":17,"column":40}},"8":{"start":{"line":19,"column":16},"end":{"line":19,"column":48}},"9":{"start":{"line":21,"column":13},"end":{"line":21,"column":36}},"10":{"start":{"line":23,"column":18},"end":{"line":23,"column":48}},"11":{"start":{"line":25,"column":19},"end":{"line":25,"column":54}},"12":{"start":{"line":27,"column":39},"end":{"line":27,"column":93}},"13":{"start":{"line":29,"column":13},"end":{"line":29,"column":34}},"14":{"start":{"line":30,"column":0},"end":{"line":30,"column":24}},"15":{"start":{"line":32,"column":13},"end":{"line":32,"column":36}},"16":{"start":{"line":33,"column":11},"end":{"line":33,"column":74}},"17":{"start":{"line":35,"column":14},"end":{"line":35,"column":37}},"18":{"start":{"line":36,"column":0},"end":{"line":36,"column":22}},"19":{"start":{"line":38,"column":0},"end":{"line":137,"column":3}},"20":{"start":{"line":40,"column":4},"end":{"line":136,"column":7}},"21":{"start":{"line":41,"column":8},"end":{"line":41,"column":39}},"22":{"start":{"line":43,"column":8},"end":{"line":54,"column":11}},"23":{"start":{"line":44,"column":12},"end":{"line":44,"column":51}},"24":{"start":{"line":46,"column":25},"end":{"line":46,"column":43}},"25":{"start":{"line":47,"column":12},"end":{"line":47,"column":58}},"26":{"start":{"line":48,"column":12},"end":{"line":48,"column":41}},"27":{"start":{"line":49,"column":12},"end":{"line":49,"column":56}},"28":{"start":{"line":50,"column":12},"end":{"line":50,"column":45}},"29":{"start":{"line":52,"column":25},"end":{"line":52,"column":43}},"30":{"start":{"line":53,"column":12},"end":{"line":53,"column":42}},"31":{"start":{"line":56,"column":8},"end":{"line":70,"column":11}},"32":{"start":{"line":57,"column":12},"end":{"line":57,"column":50}},"33":{"start":{"line":59,"column":24},"end":{"line":59,"column":41}},"34":{"start":{"line":60,"column":12},"end":{"line":60,"column":81}},"35":{"start":{"line":62,"column":24},"end":{"line":62,"column":41}},"36":{"start":{"line":63,"column":12},"end":{"line":63,"column":61}},"37":{"start":{"line":65,"column":24},"end":{"line":65,"column":41}},"38":{"start":{"line":66,"column":12},"end":{"line":66,"column":66}},"39":{"start":{"line":68,"column":24},"end":{"line":68,"column":41}},"40":{"start":{"line":69,"column":12},"end":{"line":69,"column":62}},"41":{"start":{"line":72,"column":8},"end":{"line":79,"column":11}},"42":{"start":{"line":73,"column":12},"end":{"line":73,"column":52}},"43":{"start":{"line":75,"column":12},"end":{"line":75,"column":53}},"44":{"start":{"line":76,"column":12},"end":{"line":76,"column":56}},"45":{"start":{"line":77,"column":12},"end":{"line":77,"column":54}},"46":{"start":{"line":78,"column":12},"end":{"line":78,"column":52}},"47":{"start":{"line":81,"column":8},"end":{"line":95,"column":11}},"48":{"start":{"line":82,"column":12},"end":{"line":82,"column":49}},"49":{"start":{"line":84,"column":23},"end":{"line":84,"column":39}},"50":{"start":{"line":85,"column":12},"end":{"line":85,"column":65}},"51":{"start":{"line":86,"column":12},"end":{"line":86,"column":53}},"52":{"start":{"line":87,"column":12},"end":{"line":87,"column":41}},"53":{"start":{"line":88,"column":12},"end":{"line":88,"column":64}},"54":{"start":{"line":89,"column":25},"end":{"line":89,"column":47}},"55":{"start":{"line":90,"column":12},"end":{"line":90,"column":44}},"56":{"start":{"line":91,"column":12},"end":{"line":91,"column":41}},"57":{"start":{"line":93,"column":23},"end":{"line":93,"column":39}},"58":{"start":{"line":94,"column":12},"end":{"line":94,"column":70}},"59":{"start":{"line":97,"column":8},"end":{"line":99,"column":11}},"60":{"start":{"line":98,"column":12},"end":{"line":98,"column":68}},"61":{"start":{"line":101,"column":8},"end":{"line":109,"column":11}},"62":{"start":{"line":102,"column":12},"end":{"line":102,"column":54}},"63":{"start":{"line":104,"column":29},"end":{"line":104,"column":50}},"64":{"start":{"line":105,"column":12},"end":{"line":105,"column":59}},"65":{"start":{"line":106,"column":12},"end":{"line":106,"column":82}},"66":{"start":{"line":107,"column":12},"end":{"line":107,"column":47}},"67":{"start":{"line":108,"column":12},"end":{"line":108,"column":48}},"68":{"start":{"line":111,"column":8},"end":{"line":113,"column":11}},"69":{"start":{"line":112,"column":12},"end":{"line":112,"column":74}},"70":{"start":{"line":115,"column":8},"end":{"line":119,"column":11}},"71":{"start":{"line":116,"column":12},"end":{"line":116,"column":66}},"72":{"start":{"line":118,"column":12},"end":{"line":118,"column":72}},"73":{"start":{"line":121,"column":8},"end":{"line":123,"column":11}},"74":{"start":{"line":122,"column":12},"end":{"line":122,"column":60}},"75":{"start":{"line":125,"column":8},"end":{"line":127,"column":11}},"76":{"start":{"line":126,"column":12},"end":{"line":126,"column":55}},"77":{"start":{"line":129,"column":8},"end":{"line":131,"column":11}},"78":{"start":{"line":130,"column":12},"end":{"line":130,"column":64}},"79":{"start":{"line":133,"column":8},"end":{"line":135,"column":11}},"80":{"start":{"line":134,"column":12},"end":{"line":134,"column":76}}},"fnMap":{"0":{"name":"_interopRequireDefault","decl":{"start":{"line":27,"column":9},"end":{"line":27,"column":31}},"loc":{"start":{"line":27,"column":37},"end":{"line":27,"column":95}},"line":27},"1":{"name":"(anonymous_1)","decl":{"start":{"line":38,"column":35},"end":{"line":38,"column":36}},"loc":{"start":{"line":38,"column":47},"end":{"line":137,"column":1}},"line":38},"2":{"name":"(anonymous_2)","decl":{"start":{"line":40,"column":17},"end":{"line":40,"column":18}},"loc":{"start":{"line":40,"column":29},"end":{"line":42,"column":5}},"line":40},"3":{"name":"(anonymous_3)","decl":{"start":{"line":42,"column":28},"end":{"line":42,"column":29}},"loc":{"start":{"line":42,"column":40},"end":{"line":55,"column":5}},"line":42},"4":{"name":"(anonymous_4)","decl":{"start":{"line":43,"column":48},"end":{"line":43,"column":49}},"loc":{"start":{"line":43,"column":60},"end":{"line":45,"column":9}},"line":43},"5":{"name":"(anonymous_5)","decl":{"start":{"line":45,"column":46},"end":{"line":45,"column":47}},"loc":{"start":{"line":45,"column":58},"end":{"line":51,"column":9}},"line":45},"6":{"name":"(anonymous_6)","decl":{"start":{"line":51,"column":53},"end":{"line":51,"column":54}},"loc":{"start":{"line":51,"column":65},"end":{"line":54,"column":9}},"line":51},"7":{"name":"(anonymous_7)","decl":{"start":{"line":55,"column":27},"end":{"line":55,"column":28}},"loc":{"start":{"line":55,"column":39},"end":{"line":71,"column":5}},"line":55},"8":{"name":"(anonymous_8)","decl":{"start":{"line":56,"column":47},"end":{"line":56,"column":48}},"loc":{"start":{"line":56,"column":59},"end":{"line":58,"column":9}},"line":56},"9":{"name":"(anonymous_9)","decl":{"start":{"line":58,"column":46},"end":{"line":58,"column":47}},"loc":{"start":{"line":58,"column":58},"end":{"line":61,"column":9}},"line":58},"10":{"name":"(anonymous_10)","decl":{"start":{"line":61,"column":75},"end":{"line":61,"column":76}},"loc":{"start":{"line":61,"column":87},"end":{"line":64,"column":9}},"line":61},"11":{"name":"(anonymous_11)","decl":{"start":{"line":64,"column":60},"end":{"line":64,"column":61}},"loc":{"start":{"line":64,"column":72},"end":{"line":67,"column":9}},"line":64},"12":{"name":"(anonymous_12)","decl":{"start":{"line":67,"column":56},"end":{"line":67,"column":57}},"loc":{"start":{"line":67,"column":68},"end":{"line":70,"column":9}},"line":67},"13":{"name":"(anonymous_13)","decl":{"start":{"line":71,"column":29},"end":{"line":71,"column":30}},"loc":{"start":{"line":71,"column":41},"end":{"line":80,"column":5}},"line":71},"14":{"name":"(anonymous_14)","decl":{"start":{"line":72,"column":49},"end":{"line":72,"column":50}},"loc":{"start":{"line":72,"column":61},"end":{"line":74,"column":9}},"line":72},"15":{"name":"(anonymous_15)","decl":{"start":{"line":74,"column":48},"end":{"line":74,"column":49}},"loc":{"start":{"line":74,"column":60},"end":{"line":79,"column":9}},"line":74},"16":{"name":"(anonymous_16)","decl":{"start":{"line":80,"column":26},"end":{"line":80,"column":27}},"loc":{"start":{"line":80,"column":38},"end":{"line":96,"column":5}},"line":80},"17":{"name":"(anonymous_17)","decl":{"start":{"line":81,"column":46},"end":{"line":81,"column":47}},"loc":{"start":{"line":81,"column":58},"end":{"line":83,"column":9}},"line":81},"18":{"name":"(anonymous_18)","decl":{"start":{"line":83,"column":44},"end":{"line":83,"column":45}},"loc":{"start":{"line":83,"column":56},"end":{"line":92,"column":9}},"line":83},"19":{"name":"(anonymous_19)","decl":{"start":{"line":92,"column":49},"end":{"line":92,"column":50}},"loc":{"start":{"line":92,"column":61},"end":{"line":95,"column":9}},"line":92},"20":{"name":"(anonymous_20)","decl":{"start":{"line":96,"column":30},"end":{"line":96,"column":31}},"loc":{"start":{"line":96,"column":42},"end":{"line":100,"column":5}},"line":96},"21":{"name":"(anonymous_21)","decl":{"start":{"line":97,"column":45},"end":{"line":97,"column":46}},"loc":{"start":{"line":97,"column":57},"end":{"line":99,"column":9}},"line":97},"22":{"name":"(anonymous_22)","decl":{"start":{"line":100,"column":31},"end":{"line":100,"column":32}},"loc":{"start":{"line":100,"column":43},"end":{"line":110,"column":5}},"line":100},"23":{"name":"(anonymous_23)","decl":{"start":{"line":101,"column":46},"end":{"line":101,"column":47}},"loc":{"start":{"line":101,"column":58},"end":{"line":103,"column":9}},"line":101},"24":{"name":"(anonymous_24)","decl":{"start":{"line":103,"column":59},"end":{"line":103,"column":60}},"loc":{"start":{"line":103,"column":71},"end":{"line":109,"column":9}},"line":103},"25":{"name":"(anonymous_25)","decl":{"start":{"line":110,"column":37},"end":{"line":110,"column":38}},"loc":{"start":{"line":110,"column":49},"end":{"line":114,"column":5}},"line":110},"26":{"name":"(anonymous_26)","decl":{"start":{"line":111,"column":52},"end":{"line":111,"column":53}},"loc":{"start":{"line":111,"column":64},"end":{"line":113,"column":9}},"line":111},"27":{"name":"(anonymous_27)","decl":{"start":{"line":114,"column":29},"end":{"line":114,"column":30}},"loc":{"start":{"line":114,"column":41},"end":{"line":120,"column":5}},"line":114},"28":{"name":"(anonymous_28)","decl":{"start":{"line":115,"column":35},"end":{"line":115,"column":36}},"loc":{"start":{"line":115,"column":47},"end":{"line":117,"column":9}},"line":115},"29":{"name":"(anonymous_29)","decl":{"start":{"line":117,"column":53},"end":{"line":117,"column":54}},"loc":{"start":{"line":117,"column":65},"end":{"line":119,"column":9}},"line":117},"30":{"name":"(anonymous_30)","decl":{"start":{"line":120,"column":41},"end":{"line":120,"column":42}},"loc":{"start":{"line":120,"column":53},"end":{"line":124,"column":5}},"line":120},"31":{"name":"(anonymous_31)","decl":{"start":{"line":121,"column":56},"end":{"line":121,"column":57}},"loc":{"start":{"line":121,"column":68},"end":{"line":123,"column":9}},"line":121},"32":{"name":"(anonymous_32)","decl":{"start":{"line":124,"column":31},"end":{"line":124,"column":32}},"loc":{"start":{"line":124,"column":43},"end":{"line":128,"column":5}},"line":124},"33":{"name":"(anonymous_33)","decl":{"start":{"line":125,"column":46},"end":{"line":125,"column":47}},"loc":{"start":{"line":125,"column":58},"end":{"line":127,"column":9}},"line":125},"34":{"name":"(anonymous_34)","decl":{"start":{"line":128,"column":32},"end":{"line":128,"column":33}},"loc":{"start":{"line":128,"column":44},"end":{"line":132,"column":5}},"line":128},"35":{"name":"(anonymous_35)","decl":{"start":{"line":129,"column":47},"end":{"line":129,"column":48}},"loc":{"start":{"line":129,"column":59},"end":{"line":131,"column":9}},"line":129},"36":{"name":"(anonymous_36)","decl":{"start":{"line":132,"column":38},"end":{"line":132,"column":39}},"loc":{"start":{"line":132,"column":50},"end":{"line":136,"column":5}},"l
[...]
":{"line":128,"column":67}},"89":{"start":{"line":129,"column":16},"end":{"line":131,"column":17}},"90":{"start":{"line":130,"column":20},"end":{"line":130,"column":39}},"91":{"start":{"line":132,"column":33},"end":{"line":132,"column":324}},"92":{"start":{"line":133,"column":16},"end":{"line":133,"column":49}},"93":{"start":{"line":137,"column":35},"end":{"line":137,"column":79}},"94":{"start":{"line":138,"column":12},"end":{"line":148,"column":13}},"95":{"start":{"line":139,"column":16},"end":{"line":147,"column":17}},"96":{"start":{"line":140,"column":31},"end":{"line":140,"column":76}},"97":{"start":{"line":142,"column":20},"end":{"line":146,"column":21}},"98":{"start":{"line":143,"column":24},"end":{"line":143,"column":103}},"99":{"start":{"line":145,"column":24},"end":{"line":145,"column":53}},"100":{"start":{"line":151,"column":34},"end":{"line":151,"column":77}},"101":{"start":{"line":152,"column":12},"end":{"line":162,"column":13}},"102":{"start":{"line":153,"column":16},"end":{"line":161,"column":17}},"103":{"start":{"line":154,"column":32},"end":{"line":154,"column":76}},"104":{"start":{"line":156,"column":20},"end":{"line":160,"column":21}},"105":{"start":{"line":157,"column":24},"end":{"line":157,"column":103}},"106":{"start":{"line":159,"column":24},"end":{"line":159,"column":53}},"107":{"start":{"line":165,"column":27},"end":{"line":165,"column":63}},"108":{"start":{"line":166,"column":12},"end":{"line":169,"column":13}},"109":{"start":{"line":167,"column":24},"end":{"line":167,"column":35}},"110":{"start":{"line":168,"column":16},"end":{"line":168,"column":203}},"111":{"start":{"line":172,"column":37},"end":{"line":172,"column":83}},"112":{"start":{"line":173,"column":12},"end":{"line":175,"column":13}},"113":{"start":{"line":174,"column":16},"end":{"line":174,"column":133}},"114":{"start":{"line":181,"column":12},"end":{"line":187,"column":13}},"115":{"start":{"line":182,"column":16},"end":{"line":182,"column":37}},"116":{"start":{"line":183,"column":19},"end":{"line":187,"column":13}},"117":{"start":{"line":184,"column":16},"end":{"line":184,"column":39}},"118":{"start":{"line":186,"column":16},"end":{"line":186,"column":38}},"119":{"start":{"line":192,"column":12},"end":{"line":196,"column":13}},"120":{"start":{"line":193,"column":16},"end":{"line":193,"column":44}},"121":{"start":{"line":195,"column":16},"end":{"line":195,"column":45}},"122":{"start":{"line":200,"column":4},"end":{"line":200,"column":19}},"123":{"start":{"line":227,"column":0},"end":{"line":227,"column":26}}},"fnMap":{"0":{"name":"(anonymous_0)","decl":{"start":{"line":7,"column":19},"end":{"line":7,"column":20}},"loc":{"start":{"line":7,"column":31},"end":{"line":7,"column":561}},"line":7},"1":{"name":"defineProperties","decl":{"start":{"line":7,"column":42},"end":{"line":7,"column":58}},"loc":{"start":{"line":7,"column":74},"end":{"line":7,"column":349}},"line":7},"2":{"name":"(anonymous_2)","decl":{"start":{"line":7,"column":357},"end":{"line":7,"column":358}},"loc":{"start":{"line":7,"column":405},"end":{"line":7,"column":558}},"line":7},"3":{"name":"_interopRequireDefault","decl":{"start":{"line":29,"column":9},"end":{"line":29,"column":31}},"loc":{"start":{"line":29,"column":37},"end":{"line":29,"column":95}},"line":29},"4":{"name":"_classCallCheck","decl":{"start":{"line":31,"column":9},"end":{"line":31,"column":24}},"loc":{"start":{"line":31,"column":48},"end":{"line":31,"column":153}},"line":31},"5":{"name":"(anonymous_5)","decl":{"start":{"line":33,"column":14},"end":{"line":33,"column":15}},"loc":{"start":{"line":33,"column":26},"end":{"line":201,"column":1}},"line":33},"6":{"name":"Service","decl":{"start":{"line":34,"column":13},"end":{"line":34,"column":20}},"loc":{"start":{"line":34,"column":23},"end":{"line":46,"column":5}},"line":34},"7":{"name":"fromXml","decl":{"start":{"line":50,"column":24},"end":{"line":50,"column":31}},"loc":{"start":{"line":50,"column":37},"end":{"line":176,"column":9}},"line":50},"8":{"name":"(anonymous_8)","decl":{"start":{"line":84,"column":45},"end":{"line":84,"column":46}},"loc":{"start":{"line":84,"column":64},"end":{"line":86,"column":17}},"line":84},"9":{"name":"name","decl":{"start":{"line":179,"column":24},"end":{"line":179,"column":28}},"loc":{"start":{"line":179,"column":31},"end":{"line":188,"column":9}},"line":179},"10":{"name":"description","decl":{"start":{"line":191,"column":24},"end":{"line":191,"column":35}},"loc":{"start":{"line":191,"column":38},"end":{"line":197,"column":9}},"line":191}},"branchMap":{"0":{"loc":{"start":{"line":7,"column":168},"end":{"line":7,"column":198}},"type":"binary-expr","locations":[{"start":{"line":7,"column":168},"end":{"line":7,"column":189}},{"start":{"line":7,"column":193},"end":{"line":7,"column":198}}],"line":7},"1":{"loc":{"start":{"line":7,"column":232},"end":{"line":7,"column":286}},"type":"if","locations":[{"start":{"line":7,"column":232},"end":{"line":7,"column":286}},{"start":{"line":7,"column":232},"end":{"line":7,"column":286}}],"line":7},"2":{"loc":{"start":{"line":7,"column":407},"end":{"line":7,"column":475}},"type":"if","locations":[{"start":{"line":7,"column":407},"end":{"line":7,"column":475}},{"start":{"line":7,"column":407},"end":{"line":7,"column":475}}],"line":7},"3":{"loc":{"start":{"line":7,"column":476},"end":{"line":7,"column":536}},"type":"if","locations":[{"start":{"line":7,"column":476},"end":{"line":7,"column":536}},{"start":{"line":7,"column":476},"end":{"line":7,"column":536}}],"line":7},"4":{"loc":{"start":{"line":29,"column":46},"end":{"line":29,"column":92}},"type":"cond-expr","locations":[{"start":{"line":29,"column":70},"end":{"line":29,"column":73}},{"start":{"line":29,"column":76},"end":{"line":29,"column":92}}],"line":29},"5":{"loc":{"start":{"line":29,"column":46},"end":{"line":29,"column":67}},"type":"binary-expr","locations":[{"start":{"line":29,"column":46},"end":{"line":29,"column":49}},{"start":{"line":29,"column":53},"end":{"line":29,"column":67}}],"line":29},"6":{"loc":{"start":{"line":31,"column":50},"end":{"line":31,"column":151}},"type":"if","locations":[{"start":{"line":31,"column":50},"end":{"line":31,"column":151}},{"start":{"line":31,"column":50},"end":{"line":31,"column":151}}],"line":31},"7":{"loc":{"start":{"line":56,"column":16},"end":{"line":58,"column":17}},"type":"if","locations":[{"start":{"line":56,"column":16},"end":{"line":58,"column":17}},{"start":{"line":56,"column":16},"end":{"line":58,"column":17}}],"line":56},"8":{"loc":{"start":{"line":60,"column":16},"end":{"line":62,"column":17}},"type":"if","locations":[{"start":{"line":60,"column":16},"end":{"line":62,"column":17}},{"start":{"line":60,"column":16},"end":{"line":62,"column":17}}],"line":60},"9":{"loc":{"start":{"line":64,"column":16},"end":{"line":66,"column":17}},"type":"if","locations":[{"start":{"line":64,"column":16},"end":{"line":66,"column":17}},{"start":{"line":64,"column":16},"end":{"line":66,"column":17}}],"line":64},"10":{"loc":{"start":{"line":67,"column":50},"end":{"line":67,"column":105}},"type":"cond-expr","locations":[{"start":{"line":67,"column":73},"end":{"line":67,"column":93}},{"start":{"line":67,"column":96},"end":{"line":67,"column":105}}],"line":67},"11":{"loc":{"start":{"line":67,"column":113},"end":{"line":67,"column":182}},"type":"cond-expr","locations":[{"start":{"line":67,"column":143},"end":{"line":67,"column":170}},{"start":{"line":67,"column":173},"end":{"line":67,"column":182}}],"line":67},"12":{"loc":{"start":{"line":75,"column":48},"end":{"line":75,"column":107}},"type":"cond-expr","locations":[{"start":{"line":75,"column":73},"end":{"line":75,"column":95}},{"start":{"line":75,"column":98},"end":{"line":75,"column":107}}],"line":75},"13":{"loc":{"start":{"line":75,"column":109},"end":{"line":75,"column":168}},"type":"cond-expr","locations":[{"start":{"line":75,"column":134},"end":{"line":75,"column":156}},{"start":{"line":75,"column":159},"end":{"line":75,"column":168}}],"line":75},"14":{"loc":{"start":{"line":81,"column":12},"end":{"line":87,"column":13}},"type":"if","locations":[{"start":{"line":81,"column":12},"end":{"line":87,"column":13}},{"start":{"line":81,"column":12},"end":{"line":87,"column":13}}],"line":81},"15":{"loc":{"start":{"line":93,"column":46},"end":{"line":93,"column":103}},"type":"cond-expr","locations":[{"start":{"line":93,"column":70},"end":{"line":93,"column":91}},{"start":{"line":93,"column":94},"end":{"line":93,"column":103}}],"line":93},"16":{"loc":{"start":{"line":93,"column":105},"end":{"line":93,"column":174}},"type":"cond-expr","locations":[{"start":{"line":93,"column":135},"end":{"line":93,"column":162}},{"start":{"line":93,"column":165},"end":{"line":93,"column":174}}],"line":93},"17":{"loc":{"start":{"line":93,"column":176},"end":{"line":93,"column":235}},"type":"cond-expr","locations":[{"start":{"line":93,"column":201},"end":{"line":93,"column":223}},{"start":{"line":93,"column":226},"end":{"line":93,"column":235}}],"line":93},"18":{"loc":{"start":{"line":93,"column":237},"end":{"line":93,"column":310}},"type":"cond-expr","locations":[{"start":{"line":93,"column":269},"end":{"line":93,"column":298}},{"start":{"line":93,"column":301},"end":{"line":93,"column":310}}],"line":93},"19":{"loc":{"start":{"line":93,"column":312},"end":{"line":93,"column":383}},"type":"cond-expr","locations":[{"start":{"line":93,"column":343},"end":{"line":93,"column":371}},{"start":{"line":93,"column":374},"end":{"line":93,"column":383}}],"line":93},"20":{"loc":{"start":{"line":94,"column":16},"end":{"line":94,"column":57}},"type":"if","locations":[{"start":{"line":94,"column":16},"end":{"line":94,"column":57}},{"start":{"line":94,"column":16},"end":{"line":94,"column":57}}],"line":94},"21":{"loc":{"start":{"line":99,"column":12},"end":{"line":103,"column":13}},"type":"if","locations":[{"start":{"line":99,"column":12},"end":{"line":103,"column":13}},{"start":{"line":99,"column":12},"end":{"line":103,"column":13}}],"line":99},"22":{"loc":{"start":{"line":100,"column":16},"end":{"line":102,"column":17}},"type":"if","locations":[{"start":{"line":100,"column":16},"end":{"line":102,"column":17}},{"start":{"line":100,"column":16},"end":{"line":102,"column":17}}],"line":100},"23":{"loc":{"start":{"line":100,"column":20},"end":{"line":100,"column":95}},"type":"binary-expr","locations":[{"start":{"line":100,"column":20},"end":{"line":100,"column":57}},{"start":{"line":100,"column":61},"end":{"line":100,"column":95}}],"line":100},"24":{"loc":{"start":{"line":106,"column":12},"end":{"line":110,"column":13}},"type":"if","locations":[{"start":{"line":106,"column":12},"end":{"line":110,"column":13}},{"start":{"line":106,"column":12},"end":{"line":110,"column":13}}],"line":106},"25":{"loc":{"start":{"line":107,"column":16},"end":{"line":109,"column":17}},"type":"if","locations":[{"start":{"line":107,"column":16},"end":{"line":109,"column":17}},{"start":{"line":107,"column":16},"end":{"line":109,"column":17}}],"line":107},"26":{"loc":{"start":{"line":107,"column":20},"end":{"line":107,"column":97}},"type":"binary-expr","locations":[{"start":{"line":107,"column":20},"end":{"line":107,"column":58}},{"start":{"line":107,"column":62},"end":{"line":107,"column":97}}],"line":107},"27":{"loc":{"start":{"line":114,"column":12},"end":{"line":118,"column":13}},"type":"if","locations":[{"start":{"line":114,"column":12},"end":{"line":118,"column":13}},{"start":{"line":114,"column":12},"end":{"line":118,"column":13}}],"line":114},"28":{"loc":{"start":{"line":115,"column":16},"end":{"line":117,"column":17}},"type":"if","locations":[{"start":{"line":115,"column":16},"end":{"line":117,"column":17}},{"start":{"line":115,"column":16},"end":{"line":117,"column":17}}],"line":115},"29":{"loc":{"start":{"line":115,"column":20},"end":{"line":115,"column":93}},"type":"binary-expr","locations":[{"start":{"line":115,"column":20},"end":{"line":115,"column":56}},{"start":{"line":115,"column":60},"end":{"line":115,"column":93}}],"line":115},"30":{"loc":{"start":{"line":125,"column":16},"end":{"line":127,"column":17}},"type":"if","locations":[{"start":{"line":125,"column":16},"end":{"line":127,"column":17}},{"start":{"line":125,"column":16},"end":{"line":127,"column":17}}],"line":125},"31":{"loc":{"start":{"line":129,"column":16},"end":{"line":131,"column":17}},"type":"if","locations":[{"start":{"line":129,"column":16},"end":{"line":131,"column":17}},{"start":{"line":129,"column":16},"end":{"line":131,"column":17}}],"line":129},"32":{"loc":{"start":{"line":132,"column":58},"end":{"line":132,"column":115}},"type":"cond-expr","locations":[{"start":{"line":132,"column":82},"end":{"line":132,"column":103}},{"start":{"line":132,"column":106},"end":{"line":132,"column":115}}],"line":132},"33":{"loc":{"start":{"line":132,"column":117},"end":{"line":132,"column":176}},"type":"cond-expr","locations":[{"start":{"line":132,"column":142},"end":{"line":132,"column":164}},{"start":{"line":132,"column":167},"end":{"line":132,"column":176}}],"line":132},"34":{"loc":{"start":{"line":132,"column":178},"end":{"line":132,"column":247}},"type":"cond-expr","locations":[{"start":{"line":132,"column":208},"end":{"line":132,"column":235}},{"start":{"line":132,"column":238},"end":{"line":132,"column":247}}],"line":132},"35":{"loc":{"start":{"line":132,"column":249},"end":{"line":132,"column":308}},"type":"cond-expr","locations":[{"start":{"line":132,"column":274},"end":{"line":132,"column":296}},{"start":{"line":132,"column":299},"end":{"line":132,"column":308}}],"line":132},"36":{"loc":{"start":{"line":138,"column":12},"end":{"line":148,"column":13}},"type":"if","locations":[{"start":{"line":138,"column":12},"end":{"line":148,"column":13}},{"start":{"line":138,"column":12},"end":{"line":148,"column":13}}],"line":138},"37":{"loc":{"start":{"line":139,"column":16},"end":{"line":147,"column":17}},"type":"if","locations":[{"start":{"line":139,"column":16},"end":{"line":147,"column":17}},{"start":{"line":139,"column":16},"end":{"line":147,"column":17}}],"line":139},"38":{"loc":{"start":{"line":139,"column":20},"end":{"line":139,"column":109}},"type":"binary-expr","locations":[{"start":{"line":139,"column":20},"end":{"line":139,"column":64}},{"start":{"line":139,"column":68},"end":{"line":139,"column":109}}],"line":139},"39":{"loc":{"start":{"line":142,"column":20},"end":{"line":146,"column":21}},"type":"if","locations":[{"start":{"line":142,"column":20},"end":{"line":146,"column":21}},{"start":{"line":142,"column":20},"end":{"line":146,"column":21}}],"line":142},"40":{"loc":{"start":{"line":152,"column":12},"end":{"line":162,"column":13}},"type":"if","locations":[{"start":{"line":152,"column":12},"end":{"line":162,"column":13}},{"start":{"line":152,"column":12},"end":{"line":162,"column":13}}],"line":152},"41":{"loc":{"start":{"line":153,"column":16},"end":{"line":161,"column":17}},"type":"if","locations":[{"start":{"line":153,"column":16},"end":{"line":161,"column":17}},{"start":{"line":153,"column":16},"end":{"line":161,"column":17}}],"line":153},"42":{"loc":{"start":{"line":153,"column":20},"end":{"line":153,"column":107}},"type":"binary-expr","locations":[{"start":{"line":153,"column":20},"end":{"line":153,"column":63}},{"start":{"line":153,"column":67},"end":{"line":153,"column":107}}],"line":153},"43":{"loc":{"start":{"line":156,"column":20},"end":{"line":160,"column":21}},"type":"if","locations":[{"start":{"line":156,"column":20},"end":{"line":160,"column":21}},{"start":{"line":156,"column":20},"end":{"line":160,"column":21}}],"line":156},"44":{"loc":{"start":{"line":166,"column":12},"end":{"line":169,"column":13}},"type":"if","locations":[{"start":{"line":166,"column":12},"end":{"line":169,"column":13}},{"start":{"line":166,"column":12},"end":{"line":169,"column":13}}],"line":166},"45":{"loc":{"start":{"line":168,"column":55},"end":{"line":168,"column":114}},"type":"cond-expr","locations":[{"start":{"line":168,"column":80},"end":{"line":168,"column":102}},{"start":{"line":168,"column":105},"end":{"line":168,"column":114}}],"line":168},"46":{"loc":{"start":{"line":168,"column":116},"end":{"line":168,"column":201}},"type":"cond-expr","locations":[{"start":{"line":168,"column":154},"end":{"line":168,"column":189}},{"start":{"line":168,"column":192},"end":{"line":168,"column":201}}],"line":168},"47":{"loc":{"start":{"line":173,"column":12},"end":{"line":175,"column":13}},"type":"if","locations":[{"start":{"line":173,"column":12},"end":{"line":175,"column":13}},{"start":{"line":173,"column":12},"end":{"line":175,"column":13}}],"line":173},"48":{"loc":{"start":{"line":174,"column":42},"end":{"line":174,"column":132}},"type":"cond-expr","locations":[{"start":{"line":174,"column":85},"end":{"line":174,"column":125}},{"start":{"line":174,"column":128},"end":{"line":174,"column":132}}],"line":174},"49":{"loc":{"start":{"line":181,"column":12},"end":{"line":187,"column":13}},"type":"if","locations":[{"start":{"line":181,"column":12},"end":{"line":187,"column":13}},{"start":{"line":181,"column":12},"end":{"line":187,"column":13}}],"line":181},"50":{"loc":{"start":{"line":183,"column":19},"end":{"line":187,"column":13}},"type":"if","locations":[{"start":{"line":183,"column":19},"end":{"line":187,"column":13}},{"start":{"line":183,"column":19},"end":{"line":187,"column":13}}],"line":183},"51":{"loc":{"start":{"line":192,"column":12},"end":{"line":196,"column":13}},"type":"if","locations":[{"start":{"line":192,"column":12},"end":{"line":196,"column":13}},{"start":{"line":192,"column":12},"end":{"line":196,"column":13}}],"line":192}},"s":{"0":1,"1":1,"2":1,"3":3,"4":3,"5":3,"6":3,"7":3,"8":3,"9":1,"10":1,"11":1,"12":1,"13":0,"14":1,"15":1,"16":1,"17":1,"18":1,"19":1,"20":1,"21":1,"22":1,"23":1,"24":1,"25":5,"26":1,"27":0,"28":1,"29":1,"30":1,"31":1,"32":1,"33":1,"34":1,"35":1,"36":1,"37":1,"38":1,"39":1,"40":1,"41":1,"42":4,"43":4,"44":4,"45":0,"46":4,"47":4,"48":2,"49":4,"50":4,"51":1,"52":4,"53":4,"54":1,"55":1,"56":3,"57":3,"58":3,"59":1,"60":1,"61":1,"62":1,"63":4,"64":1,"65":1,"66":4,"67":4,"68":4,"69":3,"70":1,"71":1,"72":1,"73":1,"74":1,"75":1,"76":1,"77":1,"78":1,"79":1,"80":1,"81":1,"82":1,"83":1,"84":6,"85":6,"86":6,"87":0,"88":6,"89":6,"90":0,"91":6,"92":6,"93":1,"94":1,"95":1,"96":1,"97":1,"98":0,"99":1,"100":1,"101":1,"102":1,"103":1,"104":1,"105":0,"106":1,"107":1,"108":1,"109":1,"110":1,"111":1,"112":1,"113":1,"114":0,"115":0,"116":0,"117":0,"118":0,"119":0,"120":0,"121":0,"122":1,"123":1},"f":{"0":1,"1":1,"2":1,"3":5,"4":1,"5":1,"6":1,"7":1,"8":4,"9":0,"10":0},"b":{"0":[3,3],"1":[3,0],"2":[1,0],"3":[0,1],"4":[5,0],"5":[5,5],"6":[0,1],"7":[0,4],"8":[2,2],"9":[1,3],"10":[4,0],"11":[3,1],"12":[3,0],"13":[3,0],"14":[1,0],"15":[4,0],"16":[4,0],"17":[1,3],"18":[3,1],"19":[2,2],"20":[3,1],"21":[1,0],"22":[1,0],"23":[1,1],"24":[1,0],"25":[1,0],"26":[1,1],"27":[1,0],"28":[1,0],"29":[1,1],"30":[0,6],"31":[0,6],"32":[6,0],"33":[0,6],"34":[6,0],"35":[0,6],"36":[1,0],"37":[1,0],"38":[1,1],"39":[0,1],"40":[1,0],"41":[1,0],"42":[1,1],"43":[0,1],"44":[1,0],"45":[1,0],"46":[1,0],"47":[1,0],"48":[1,0],"49":[0,0],"50":[0,0],"51":[0,0]},"_coverageSchema":"332fd63041d2c1bcb487cc26dd0d5f7d97098a6c","hash":"2f30a9462449ee09e67a3cc34c5ced950fc96c06","contentHash":"234fdd9e1412a9bdb16c71d269ac29bc_11.2.1"},"/home/ubuntu/workspace/hybridradio-spi/src/test/assets/serviceXml.js":{"path":"/home/ubuntu/workspace/hybridradio-spi/src/test/assets/serviceXml.js","statementMap":{"0":{"start":{"line":3,"column":0},"end":{"line":5,"column":3}},"1":{"start":{"line":7,"column":4},"end":{"line":7,"column":2865}},"2":{"start":{"line":10,"column":0},"end":{"line":10,"column":29}}},"fnMap":{"0":{"name":"serviceXml","decl":{"start":{"line":6,"column":9},"end":{"line":6,"column":19}},"loc":{"start":{"line":6,"column":22},"end":{"line":8,"column":1}},"line":6}},"branchMap":{},"s":{"0":1,"1":1,"2":1},"f":{"0":1},"b":{},"_coverageSchema":"332fd63041d2c1bcb487cc26dd0d5f7d97098a6c","hash":"e4167bba90c5e597d3cc0b02d221eeb2b82f5481","contentHash":"112104e9002017a831f5f1f11bd69a0c_11.2.1"}}